2020-09-04T19:16:04+00:00 INFO Generating payment form for order 1803. Notify URL: https://phi-tuition.eu/store/wc-api/WC_Gateway_Paypal/
2020-09-04T19:16:04+00:00 INFO PayPal Request Args for order 1803: Array
(
    [cmd] => _cart
    [business] => email@phi-tuition.eu
    [no_note] => 1
    [currency_code] => GBP
    [charset] => utf-8
    [rm] => 2
    [upload] => 1
    [return] => https://phi-tuition.eu/store/checkout/order-received/1803/?key=wc_order_70jYfTNXbnKEv&utm_nooverride=1
    [cancel_return] => https://phi-tuition.eu/store/cart/?cancel_order=true&order=wc_order_70jYfTNXbnKEv&order_id=1803&redirect&_wpnonce=8e70071572
    [page_style] => 
    [image_url] => 
    [paymentaction] => sale
    [invoice] => WC-1803
    [custom] => {"order_id":1803,"order_key":"wc_order_70jYfTNXbnKEv"}
    [notify_url] => https://phi-tuition.eu/store/wc-api/WC_Gateway_Paypal/
    [first_name] => ***
    [last_name] => ***
    [address1] => ***
    [address2] => ***
    [city] => ***
    [state] => ***
    [zip] => ***
    [country] => ***
    [email] => ***@***
    [night_phone_a] => ***
    [night_phone_b] => ***
    [no_shipping] => 1
    [tax_cart] => 0.00
    [item_name_1] => test Copy (Year: 13, Course Subject: Statistics & Mechanic, Examination board: AQA, Days: Mon, Time: 22:00-23:00, Hours ...
    [quantity_1] => 1
    [amount_1] => 1
    [item_number_1] => 
    [bn] => WooThemes_Cart
)

2020-09-04T19:22:01+00:00 INFO Generating payment form for order 1803. Notify URL: https://phi-tuition.eu/store/wc-api/WC_Gateway_Paypal/
2020-09-04T19:22:01+00:00 INFO PayPal Request Args for order 1803: Array
(
    [cmd] => _cart
    [business] => email@phi-tuition.eu
    [no_note] => 1
    [currency_code] => GBP
    [charset] => utf-8
    [rm] => 2
    [upload] => 1
    [return] => https://phi-tuition.eu/store/checkout/order-received/1803/?key=wc_order_70jYfTNXbnKEv&utm_nooverride=1
    [cancel_return] => https://phi-tuition.eu/store/cart/?cancel_order=true&order=wc_order_70jYfTNXbnKEv&order_id=1803&redirect&_wpnonce=92f653a743
    [page_style] => 
    [image_url] => 
    [paymentaction] => sale
    [invoice] => WC-1803
    [custom] => {"order_id":1803,"order_key":"wc_order_70jYfTNXbnKEv"}
    [notify_url] => https://phi-tuition.eu/store/wc-api/WC_Gateway_Paypal/
    [first_name] => ***
    [last_name] => ***
    [address1] => ***
    [address2] => ***
    [city] => ***
    [state] => ***
    [zip] => ***
    [country] => ***
    [email] => ***@***
    [night_phone_a] => ***
    [night_phone_b] => ***
    [no_shipping] => 1
    [tax_cart] => 0.00
    [item_name_1] => test Copy (Year: 13, Course Subject: statistics-mechanic, Examination board: AQA, Days: Mon, Time: 22:00-23:00, Hours per we...
    [quantity_1] => 1
    [amount_1] => 1
    [item_number_1] => 
    [bn] => WooThemes_Cart
)

2020-09-04T19:22:35+00:00 INFO Checking IPN response is valid
2020-09-04T19:22:36+00:00 INFO IPN Response: Array
(
    [headers] => Requests_Utility_CaseInsensitiveDictionary Object
        (
            [data:protected] => Array
                (
                    [content-length] => 34
                    [server] => nginx/1.14.0 (Ubuntu)
                    [content-type] => text/html; charset=UTF-8
                    [cache-control] => max-age=0, no-cache, no-store, must-revalidate
                    [content-encoding] => gzip
                    [paypal-debug-id] => e85ee2f5b2ee8
                    [set-cookie] => Array
                        (
                            [0] => cwrClyrK4LoCV1fydGbAxiNL6iG=bhHfgzHtxhI-x9C7hw7PrD45zhnHNt61O44fdrlOxIS7oxfL_6QbrRyojcaKaECqpw0ery6wdsfkOTW9KCfUCaZqVqui6-93Lc5v73v837m0RKho5z-Pmid8qOgmqQVWNRDslcNYnC4KA-snZAszDeyiMh-HjEHjxDBDjZUzuM3ta9TyVsiteAOzLrfIu0lC1NPE2GRn-PaaCIBUYt4FVdDGdSEJOMXRYzIedxPlElgHfwXuMBkxFn9YSZLZPCCbW_4TCSKv3GcDxAvLdfE8x2io33xN84UgjReDGtEc3NzNY5XE-esPlCvA58ppgNewX0ncJFuYftsA7HysTXQWq5Zx9KQzxD-wHqbQXiMVaH6jqNWWe-lghMU2UHwP_mflWARKmw3Dl256PhmaaKUu2FrIDofUHSuurNsJlWxk-5rYJYX-LdepvdZmGHS; Path=/; Domain=paypal.com; HttpOnly; Secure
                            [1] => cookie_check=yes; Path=/; Domain=paypal.com; Expires=Mon, 02 Sep 2030 19:22:36 GMT; HttpOnly; Secure
                            [2] => navcmd=_notify-validate; Path=/; Domain=paypal.com; HttpOnly; Secure
                            [3] => navlns=0.0; Path=/; Domain=paypal.com; Expires=Sun, 04 Sep 2022 19:22:36 GMT; HttpOnly; Secure
                            [4] => X-PP-SILOVER=name%3DLIVE6.WEB.1%26silo_version%3D880%26app%3Dappdispatcher%26TIME%3D1599247356%26HTTP_X_PP_AZ_LOCATOR%3Ddcg12.slc; Path=/; Domain=paypal.com; Expires=Fri, 04 Sep 2020 19:52:36 GMT; HttpOnly; Secure
                            [5] => ts=vreXpYrS%3D1693855355%26vteXpYrS%3D1599249155%26vr%3D5a920f8e1740a4a2ab2e1637fe08c5e7%26vt%3D5a920f8e1740a4a2ab2e1637fe08c5e6%26vtyp%3Dnew; Path=/; Domain=paypal.com; Expires=Mon, 04 Sep 2023 19:22:36 GMT; HttpOnly; Secure
                            [6] => ts_c=vr%3D5a920f8e1740a4a2ab2e1637fe08c5e7%26vt%3D5a920f8e1740a4a2ab2e1637fe08c5e6; Path=/; Domain=paypal.com; Expires=Mon, 04 Sep 2023 19:22:36 GMT; Secure
                            [7] => x-cdn=fastly:LHR; Domain=paypal.com; Path=/; Secure
                        )

                    [x-frame-options] => SAMEORIGIN
                    [dc] => slc-b-origin-www-2.paypal.com
                    [accept-ranges] => Array
                        (
                            [0] => bytes
                            [1] => bytes
                        )

                    [via] => Array
                        (
                            [0] => 1.1 varnish
                            [1] => 1.1 varnish
                        )

                    [date] => Fri, 04 Sep 2020 19:22:36 GMT
                    [strict-transport-security] => max-age=63072000; includeSubDomains; preload
                    [x-served-by] => cache-lax8624-LAX, cache-lhr7359-LHR
                    [x-cache] => MISS, MISS
                    [x-cache-hits] => 0, 0
                    [x-timer] => S1599247356.684949,VS0,VE1253
                    [vary] => Accept-Encoding
                )

        )

    [body] => VERIFIED
    [response] => Array
        (
            [code] => 200
            [message] => OK
        )

    [cookies] => Array
        (
            [0] => WP_Http_Cookie Object
                (
                    [name] => cwrClyrK4LoCV1fydGbAxiNL6iG
                    [value] => bhHfgzHtxhI-x9C7hw7PrD45zhnHNt61O44fdrlOxIS7oxfL_6QbrRyojcaKaECqpw0ery6wdsfkOTW9KCfUCaZqVqui6-93Lc5v73v837m0RKho5z-Pmid8qOgmqQVWNRDslcNYnC4KA-snZAszDeyiMh-HjEHjxDBDjZUzuM3ta9TyVsiteAOzLrfIu0lC1NPE2GRn-PaaCIBUYt4FVdDGdSEJOMXRYzIedxPlElgHfwXuMBkxFn9YSZLZPCCbW_4TCSKv3GcDxAvLdfE8x2io33xN84UgjReDGtEc3NzNY5XE-esPlCvA58ppgNewX0ncJFuYftsA7HysTXQWq5Zx9KQzxD-wHqbQXiMVaH6jqNWWe-lghMU2UHwP_mflWARKmw3Dl256PhmaaKUu2FrIDofUHSuurNsJlWxk-5rYJYX-LdepvdZmGHS
                    [expires] => 
                    [path] => /
                    [domain] => paypal.com
                    [host_only] => 
                )

            [1] => WP_Http_Cookie Object
                (
                    [name] => cookie_check
                    [value] => yes
                    [expires] => 1914607356
                    [path] => /
                    [domain] => paypal.com
                    [host_only] => 
                )

            [2] => WP_Http_Cookie Object
                (
                    [name] => navcmd
                    [value] => _notify-validate
                    [expires] => 
                    [path] => /
                    [domain] => paypal.com
                    [host_only] => 
                )

            [3] => WP_Http_Cookie Object
                (
                    [name] => navlns
                    [value] => 0.0
                    [expires] => 1662319356
                    [path] => /
                    [domain] => paypal.com
                    [host_only] => 
                )

            [4] => WP_Http_Cookie Object
                (
                    [name] => X-PP-SILOVER
                    [value] => name=LIVE6.WEB.1&silo_version=880&app=appdispatcher&TIME=1599247356&HTTP_X_PP_AZ_LOCATOR=dcg12.slc
                    [expires] => 1599249156
                    [path] => /
                    [domain] => paypal.com
                    [host_only] => 
                )

            [5] => WP_Http_Cookie Object
                (
                    [name] => ts
                    [value] => vreXpYrS=1693855355&vteXpYrS=1599249155&vr=5a920f8e1740a4a2ab2e1637fe08c5e7&vt=5a920f8e1740a4a2ab2e1637fe08c5e6&vtyp=new
                    [expires] => 1693855356
                    [path] => /
                    [domain] => paypal.com
                    [host_only] => 
                )

            [6] => WP_Http_Cookie Object
                (
                    [name] => ts_c
                    [value] => vr=5a920f8e1740a4a2ab2e1637fe08c5e7&vt=5a920f8e1740a4a2ab2e1637fe08c5e6
                    [expires] => 1693855356
                    [path] => /
                    [domain] => paypal.com
                    [host_only] => 
                )

            [7] => WP_Http_Cookie Object
                (
                    [name] => x-cdn
                    [value] => fastly:LHR
                    [expires] => 
                    [path] => /
                    [domain] => paypal.com
                    [host_only] => 
                )

        )

    [filename] => 
    [http_response] => WP_HTTP_Requests_Response Object
        (
            [response:protected] => Requests_Response Object
                (
                    [body] => VERIFIED
                    [raw] => HTTP/1.1 200 OK
Connection: close
Content-Length: 34
Server: nginx/1.14.0 (Ubuntu)
Content-Type: text/html; charset=UTF-8
Cache-Control: max-age=0, no-cache, no-store, must-revalidate
Content-Encoding: gzip
Paypal-Debug-Id: e85ee2f5b2ee8
Set-Cookie: cwrClyrK4LoCV1fydGbAxiNL6iG=bhHfgzHtxhI-x9C7hw7PrD45zhnHNt61O44fdrlOxIS7oxfL_6QbrRyojcaKaECqpw0ery6wdsfkOTW9KCfUCaZqVqui6-93Lc5v73v837m0RKho5z-Pmid8qOgmqQVWNRDslcNYnC4KA-snZAszDeyiMh-HjEHjxDBDjZUzuM3ta9TyVsiteAOzLrfIu0lC1NPE2GRn-PaaCIBUYt4FVdDGdSEJOMXRYzIedxPlElgHfwXuMBkxFn9YSZLZPCCbW_4TCSKv3GcDxAvLdfE8x2io33xN84UgjReDGtEc3NzNY5XE-esPlCvA58ppgNewX0ncJFuYftsA7HysTXQWq5Zx9KQzxD-wHqbQXiMVaH6jqNWWe-lghMU2UHwP_mflWARKmw3Dl256PhmaaKUu2FrIDofUHSuurNsJlWxk-5rYJYX-LdepvdZmGHS; Path=/; Domain=paypal.com; HttpOnly; Secure
Set-Cookie: cookie_check=yes; Path=/; Domain=paypal.com; Expires=Mon, 02 Sep 2030 19:22:36 GMT; HttpOnly; Secure
Set-Cookie: navcmd=_notify-validate; Path=/; Domain=paypal.com; HttpOnly; Secure
Set-Cookie: navlns=0.0; Path=/; Domain=paypal.com; Expires=Sun, 04 Sep 2022 19:22:36 GMT; HttpOnly; Secure
Set-Cookie: X-PP-SILOVER=name%3DLIVE6.WEB.1%26silo_version%3D880%26app%3Dappdispatcher%26TIME%3D1599247356%26HTTP_X_PP_AZ_LOCATOR%3Ddcg12.slc; Path=/; Domain=paypal.com; Expires=Fri, 04 Sep 2020 19:52:36 GMT; HttpOnly; Secure
Set-Cookie: ts=vreXpYrS%3D1693855355%26vteXpYrS%3D1599249155%26vr%3D5a920f8e1740a4a2ab2e1637fe08c5e7%26vt%3D5a920f8e1740a4a2ab2e1637fe08c5e6%26vtyp%3Dnew; Path=/; Domain=paypal.com; Expires=Mon, 04 Sep 2023 19:22:36 GMT; HttpOnly; Secure
Set-Cookie: ts_c=vr%3D5a920f8e1740a4a2ab2e1637fe08c5e7%26vt%3D5a920f8e1740a4a2ab2e1637fe08c5e6; Path=/; Domain=paypal.com; Expires=Mon, 04 Sep 2023 19:22:36 GMT; Secure
X-Frame-Options: SAMEORIGIN
DC: slc-b-origin-www-2.paypal.com
Accept-Ranges: bytes
Via: 1.1 varnish
Accept-Ranges: bytes
Date: Fri, 04 Sep 2020 19:22:36 GMT
Via: 1.1 varnish
Strict-Transport-Security: max-age=63072000; includeSubDomains; preload
X-Served-By: cache-lax8624-LAX, cache-lhr7359-LHR
X-Cache: MISS, MISS
X-Cache-Hits: 0, 0
X-Timer: S1599247356.684949,VS0,VE1253
Vary: Accept-Encoding
Set-Cookie: x-cdn=fastly:LHR; Domain=paypal.com; Path=/; Secure

VERIFIED
                    [headers] => Requests_Response_Headers Object
                        (
                            [data:protected] => Array
                                (
                                    [content-length] => Array
                                        (
                                            [0] => 34
                                        )

                                    [server] => Array
                                        (
                                            [0] => nginx/1.14.0 (Ubuntu)
                                        )

                                    [content-type] => Array
                                        (
                                            [0] => text/html; charset=UTF-8
                                        )

                                    [cache-control] => Array
                                        (
                                            [0] => max-age=0, no-cache, no-store, must-revalidate
                                        )

                                    [content-encoding] => Array
                                        (
                                            [0] => gzip
                                        )

                                    [paypal-debug-id] => Array
                                        (
                                            [0] => e85ee2f5b2ee8
                                        )

                                    [set-cookie] => Array
                                        (
                                            [0] => cwrClyrK4LoCV1fydGbAxiNL6iG=bhHfgzHtxhI-x9C7hw7PrD45zhnHNt61O44fdrlOxIS7oxfL_6QbrRyojcaKaECqpw0ery6wdsfkOTW9KCfUCaZqVqui6-93Lc5v73v837m0RKho5z-Pmid8qOgmqQVWNRDslcNYnC4KA-snZAszDeyiMh-HjEHjxDBDjZUzuM3ta9TyVsiteAOzLrfIu0lC1NPE2GRn-PaaCIBUYt4FVdDGdSEJOMXRYzIedxPlElgHfwXuMBkxFn9YSZLZPCCbW_4TCSKv3GcDxAvLdfE8x2io33xN84UgjReDGtEc3NzNY5XE-esPlCvA58ppgNewX0ncJFuYftsA7HysTXQWq5Zx9KQzxD-wHqbQXiMVaH6jqNWWe-lghMU2UHwP_mflWARKmw3Dl256PhmaaKUu2FrIDofUHSuurNsJlWxk-5rYJYX-LdepvdZmGHS; Path=/; Domain=paypal.com; HttpOnly; Secure
                                            [1] => cookie_check=yes; Path=/; Domain=paypal.com; Expires=Mon, 02 Sep 2030 19:22:36 GMT; HttpOnly; Secure
                                            [2] => navcmd=_notify-validate; Path=/; Domain=paypal.com; HttpOnly; Secure
                                            [3] => navlns=0.0; Path=/; Domain=paypal.com; Expires=Sun, 04 Sep 2022 19:22:36 GMT; HttpOnly; Secure
                                            [4] => X-PP-SILOVER=name%3DLIVE6.WEB.1%26silo_version%3D880%26app%3Dappdispatcher%26TIME%3D1599247356%26HTTP_X_PP_AZ_LOCATOR%3Ddcg12.slc; Path=/; Domain=paypal.com; Expires=Fri, 04 Sep 2020 19:52:36 GMT; HttpOnly; Secure
                                            [5] => ts=vreXpYrS%3D1693855355%26vteXpYrS%3D1599249155%26vr%3D5a920f8e1740a4a2ab2e1637fe08c5e7%26vt%3D5a920f8e1740a4a2ab2e1637fe08c5e6%26vtyp%3Dnew; Path=/; Domain=paypal.com; Expires=Mon, 04 Sep 2023 19:22:36 GMT; HttpOnly; Secure
                                            [6] => ts_c=vr%3D5a920f8e1740a4a2ab2e1637fe08c5e7%26vt%3D5a920f8e1740a4a2ab2e1637fe08c5e6; Path=/; Domain=paypal.com; Expires=Mon, 04 Sep 2023 19:22:36 GMT; Secure
                                            [7] => x-cdn=fastly:LHR; Domain=paypal.com; Path=/; Secure
                                        )

                                    [x-frame-options] => Array
                                        (
                                            [0] => SAMEORIGIN
                                        )

                                    [dc] => Array
                                        (
                                            [0] => slc-b-origin-www-2.paypal.com
                                        )

                                    [accept-ranges] => Array
                                        (
                                            [0] => bytes
                                            [1] => bytes
                                        )

                                    [via] => Array
                                        (
                                            [0] => 1.1 varnish
                                            [1] => 1.1 varnish
                                        )

                                    [date] => Array
                                        (
                                            [0] => Fri, 04 Sep 2020 19:22:36 GMT
                                        )

                                    [strict-transport-security] => Array
                                        (
                                            [0] => max-age=63072000; includeSubDomains; preload
                                        )

                                    [x-served-by] => Array
                                        (
                                            [0] => cache-lax8624-LAX, cache-lhr7359-LHR
                                        )

                                    [x-cache] => Array
                                        (
                                            [0] => MISS, MISS
                                        )

                                    [x-cache-hits] => Array
                                        (
                                            [0] => 0, 0
                                        )

                                    [x-timer] => Array
                                        (
                                            [0] => S1599247356.684949,VS0,VE1253
                                        )

                                    [vary] => Array
                                        (
                                            [0] => Accept-Encoding
                                        )

                                )

                        )

                    [status_code] => 200
                    [protocol_version] => 1.1
                    [success] => 1
                    [redirects] => 0
                    [url] => https://www.paypal.com/cgi-bin/webscr
                    [history] => Array
                        (
                        )

                    [cookies] => Requests_Cookie_Jar Object
                        (
                            [cookies:protected] => Array
                                (
                                    [cwrClyrK4LoCV1fydGbAxiNL6iG] => Requests_Cookie Object
                                        (
                                            [name] => cwrClyrK4LoCV1fydGbAxiNL6iG
                                            [value] => bhHfgzHtxhI-x9C7hw7PrD45zhnHNt61O44fdrlOxIS7oxfL_6QbrRyojcaKaECqpw0ery6wdsfkOTW9KCfUCaZqVqui6-93Lc5v73v837m0RKho5z-Pmid8qOgmqQVWNRDslcNYnC4KA-snZAszDeyiMh-HjEHjxDBDjZUzuM3ta9TyVsiteAOzLrfIu0lC1NPE2GRn-PaaCIBUYt4FVdDGdSEJOMXRYzIedxPlElgHfwXuMBkxFn9YSZLZPCCbW_4TCSKv3GcDxAvLdfE8x2io33xN84UgjReDGtEc3NzNY5XE-esPlCvA58ppgNewX0ncJFuYftsA7HysTXQWq5Zx9KQzxD-wHqbQXiMVaH6jqNWWe-lghMU2UHwP_mflWARKmw3Dl256PhmaaKUu2FrIDofUHSuurNsJlWxk-5rYJYX-LdepvdZmGHS
                                            [attributes] => Requests_Utility_CaseInsensitiveDictionary Object
                                                (
                                                    [data:protected] => Array
                                                        (
                                                            [path] => /
                                                            [domain] => paypal.com
                                                            [httponly] => 1
                                                            [secure] => 1
                                                        )

                                                )

                                            [flags] => Array
                                                (
                                                    [creation] => 1599247356
                                                    [last-access] => 1599247356
                                                    [persistent] => 
                                                    [host-only] => 
                                                )

                                            [reference_time] => 1599247356
                                        )

                                    [cookie_check] => Requests_Cookie Object
                                        (
                                            [name] => cookie_check
                                            [value] => yes
                                            [attributes] => Requests_Utility_CaseInsensitiveDictionary Object
                                                (
                                                    [data:protected] => Array
                                                        (
                                                            [path] => /
                                                            [domain] => paypal.com
                                                            [expires] => 1914607356
                                                            [httponly] => 1
                                                            [secure] => 1
                                                        )

                                                )

                                            [flags] => Array
                                                (
                                                    [creation] => 1599247356
                                                    [last-access] => 1599247356
                                                    [persistent] => 
                                                    [host-only] => 
                                                )

                                            [reference_time] => 1599247356
                                        )

                                    [navcmd] => Requests_Cookie Object
                                        (
                                            [name] => navcmd
                                            [value] => _notify-validate
                                            [attributes] => Requests_Utility_CaseInsensitiveDictionary Object
                                                (
                                                    [data:protected] => Array
                                                        (
                                                            [path] => /
                                                            [domain] => paypal.com
                                                            [httponly] => 1
                                                            [secure] => 1
                                                        )

                                                )

                                            [flags] => Array
                                                (
                                                    [creation] => 1599247356
                                                    [last-access] => 1599247356
                                                    [persistent] => 
                                                    [host-only] => 
                                                )

                                            [reference_time] => 1599247356
                                        )

                                    [navlns] => Requests_Cookie Object
                                        (
                                            [name] => navlns
                                            [value] => 0.0
                                            [attributes] => Requests_Utility_CaseInsensitiveDictionary Object
                                                (
                                                    [data:protected] => Array
                                                        (
                                                            [path] => /
                                                            [domain] => paypal.com
                                                            [expires] => 1662319356
                                                            [httponly] => 1
                                                            [secure] => 1
                                                        )

                                                )

                                            [flags] => Array
                                                (
                                                    [creation] => 1599247356
                                                    [last-access] => 1599247356
                                                    [persistent] => 
                                                    [host-only] => 
                                                )

                                            [reference_time] => 1599247356
                                        )

                                    [X-PP-SILOVER] => Requests_Cookie Object
                                        (
                                            [name] => X-PP-SILOVER
                                            [value] => name%3DLIVE6.WEB.1%26silo_version%3D880%26app%3Dappdispatcher%26TIME%3D1599247356%26HTTP_X_PP_AZ_LOCATOR%3Ddcg12.slc
                                            [attributes] => Requests_Utility_CaseInsensitiveDictionary Object
                                                (
                                                    [data:protected] => Array
                                                        (
                                                            [path] => /
                                                            [domain] => paypal.com
                                                            [expires] => 1599249156
                                                            [httponly] => 1
                                                            [secure] => 1
                                                        )

                                                )

                                            [flags] => Array
                                                (
                                                    [creation] => 1599247356
                                                    [last-access] => 1599247356
                                                    [persistent] => 
                                                    [host-only] => 
                                                )

                                            [reference_time] => 1599247356
                                        )

                                    [ts] => Requests_Cookie Object
                                        (
                                            [name] => ts
                                            [value] => vreXpYrS%3D1693855355%26vteXpYrS%3D1599249155%26vr%3D5a920f8e1740a4a2ab2e1637fe08c5e7%26vt%3D5a920f8e1740a4a2ab2e1637fe08c5e6%26vtyp%3Dnew
                                            [attributes] => Requests_Utility_CaseInsensitiveDictionary Object
                                                (
                                                    [data:protected] => Array
                                                        (
                                                            [path] => /
                                                            [domain] => paypal.com
                                                            [expires] => 1693855356
                                                            [httponly] => 1
                                                            [secure] => 1
                                                        )

                                                )

                                            [flags] => Array
                                                (
                                                    [creation] => 1599247356
                                                    [last-access] => 1599247356
                                                    [persistent] => 
                                                    [host-only] => 
                                                )

                                            [reference_time] => 1599247356
                                        )

                                    [ts_c] => Requests_Cookie Object
                                        (
                                            [name] => ts_c
                                            [value] => vr%3D5a920f8e1740a4a2ab2e1637fe08c5e7%26vt%3D5a920f8e1740a4a2ab2e1637fe08c5e6
                                            [attributes] => Requests_Utility_CaseInsensitiveDictionary Object
                                                (
                                                    [data:protected] => Array
                                                        (
                                                            [path] => /
                                                            [domain] => paypal.com
                                                            [expires] => 1693855356
                                                            [secure] => 1
                                                        )

                                                )

                                            [flags] => Array
                                                (
                                                    [creation] => 1599247356
                                                    [last-access] => 1599247356
                                                    [persistent] => 
                                                    [host-only] => 
                                                )

                                            [reference_time] => 1599247356
                                        )

                                    [x-cdn] => Requests_Cookie Object
                                        (
                                            [name] => x-cdn
                                            [value] => fastly:LHR
                                            [attributes] => Requests_Utility_CaseInsensitiveDictionary Object
                                                (
                                                    [data:protected] => Array
                                                        (
                                                            [domain] => paypal.com
                                                            [path] => /
                                                            [secure] => 1
                                                        )

                                                )

                                            [flags] => Array
                                                (
                                                    [creation] => 1599247356
                                                    [last-access] => 1599247356
                                                    [persistent] => 
                                                    [host-only] => 
                                                )

                                            [reference_time] => 1599247356
                                        )

                                )

                        )

                )

            [filename:protected] => 
            [data] => 
            [headers] => 
            [status] => 
        )

)

2020-09-04T19:22:36+00:00 INFO Received valid response from PayPal IPN
2020-09-04T19:22:36+00:00 INFO Found order #1803
2020-09-04T19:22:36+00:00 INFO Payment status: completed
