2020-08-28T18:19:05+00:00 INFO Generating payment form for order 1732. Notify URL: https://phi-tuition.eu/store/wc-api/WC_Gateway_Paypal/
2020-08-28T18:19:05+00:00 INFO PayPal Request Args for order 1732: Array
(
    [cmd] => _cart
    [business] => dkm062@gmail.com
    [no_note] => 1
    [currency_code] => GBP
    [charset] => utf-8
    [rm] => 2
    [upload] => 1
    [return] => https://phi-tuition.eu/store/checkout/order-received/1732/?key=wc_order_HIpDQ12xQZueB&utm_nooverride=1
    [cancel_return] => https://phi-tuition.eu/store/cart/?cancel_order=true&order=wc_order_HIpDQ12xQZueB&order_id=1732&redirect&_wpnonce=c61de4398c
    [page_style] => 
    [image_url] => 
    [paymentaction] => sale
    [invoice] => WC-1732
    [custom] => {"order_id":1732,"order_key":"wc_order_HIpDQ12xQZueB"}
    [notify_url] => https://phi-tuition.eu/store/wc-api/WC_Gateway_Paypal/
    [first_name] => ***
    [last_name] => ***
    [address1] => ***
    [address2] => ***
    [city] => ***
    [state] => ***
    [zip] => ***
    [country] => ***
    [email] => ***@***
    [night_phone_a] => ***
    [night_phone_b] => ***
    [no_shipping] => 1
    [tax_cart] => 0.00
    [item_name_1] => GCSE Sciences (Year: 11, Course Subject: Science, Examination board: AQA, Specification: Triple Award, Days: Sat, Time: 12:1...
    [quantity_1] => 1
    [amount_1] => 253
    [item_number_1] => 
    [item_name_2] => GCSE Mathematics (Year: 11, Course Subject: Maths, Examination board: Edexcel, Specification: Higher, Days: Sat, Time: 16:00...
    [quantity_2] => 1
    [amount_2] => 163
    [item_number_2] => 
    [item_name_3] => GCSE English (Year: 10, Examination board: AQA, Specification: Higher, Days: Sun, Time: 10:00 - 12:00, Hours per week: 2, Of...
    [quantity_3] => 1
    [amount_3] => 163
    [item_number_3] => 
    [item_name_4] => Registration fee
    [quantity_4] => 1
    [amount_4] => 25
    [item_number_4] => 
    [bn] => WooThemes_Cart
)

2020-08-28T18:26:09+00:00 INFO Generating payment form for order 1732. Notify URL: https://phi-tuition.eu/store/wc-api/WC_Gateway_Paypal/
2020-08-28T18:26:09+00:00 INFO PayPal Request Args for order 1732: Array
(
    [cmd] => _cart
    [business] => dkm062@gmail.com
    [no_note] => 1
    [currency_code] => GBP
    [charset] => utf-8
    [rm] => 2
    [upload] => 1
    [return] => https://phi-tuition.eu/store/checkout/order-received/1732/?key=wc_order_HIpDQ12xQZueB&utm_nooverride=1
    [cancel_return] => https://phi-tuition.eu/store/cart/?cancel_order=true&order=wc_order_HIpDQ12xQZueB&order_id=1732&redirect&_wpnonce=5770d947d2
    [page_style] => 
    [image_url] => 
    [paymentaction] => sale
    [invoice] => WC-1732
    [custom] => {"order_id":1732,"order_key":"wc_order_HIpDQ12xQZueB"}
    [notify_url] => https://phi-tuition.eu/store/wc-api/WC_Gateway_Paypal/
    [first_name] => ***
    [last_name] => ***
    [address1] => ***
    [address2] => ***
    [city] => ***
    [state] => ***
    [zip] => ***
    [country] => ***
    [email] => ***@***
    [night_phone_a] => ***
    [night_phone_b] => ***
    [no_shipping] => 1
    [tax_cart] => 0.00
    [item_name_1] => GCSE Sciences (Year: 11, Course Subject: Science, Examination board: AQA, Specification: Triple Award, Days: Sat, Time: 12:1...
    [quantity_1] => 1
    [amount_1] => 253
    [item_number_1] => 
    [item_name_2] => GCSE Mathematics (Year: 11, Course Subject: Maths, Examination board: Edexcel, Specification: Higher, Days: Sat, Time: 16:00...
    [quantity_2] => 1
    [amount_2] => 163
    [item_number_2] => 
    [item_name_3] => GCSE English (Year: 10, Examination board: AQA, Specification: Higher, Days: Sun, Time: 10:00 - 12:00, Hours per week: 2, Of...
    [quantity_3] => 1
    [amount_3] => 163
    [item_number_3] => 
    [item_name_4] => Registration fee
    [quantity_4] => 1
    [amount_4] => 25
    [item_number_4] => 
    [bn] => WooThemes_Cart
)

2020-08-28T18:55:13+00:00 INFO Checking IPN response is valid
2020-08-28T18:55:15+00:00 INFO IPN Response: Array
(
    [headers] => Requests_Utility_CaseInsensitiveDictionary Object
        (
            [data:protected] => Array
                (
                    [cache-control] => max-age=0, no-cache, no-store, must-revalidate
                    [content-encoding] => gzip
                    [content-type] => text/html; charset=UTF-8
                    [date] => Fri, 28 Aug 2020 18:55:13 GMT
                    [paypal-debug-id] => ae844f4a7d8bc
                    [set-cookie] => Array
                        (
                            [0] => c9MWDuvPtT9GIMyPc3jwol1VSlO=FAL8SDWihS8D35BiZCbR0djQL6WkUpSHeraDixzYs-06u4aEl8pH4dSY93iQg55mZLf1HI2qOJRrHX5bOs36NT3Vw-c9iQ-iN_qt-VySO_j4BYlSsP5mC4p33phHFqm8XXgjBUuGcI1iObRWmvNGcXj63WJJCQDx2R2WWzfKTbnkp1kKPYNinHMN5EFchJAg6GiCvnwTFgfKi7s6xi1e9q6q_kFykbObfTMaYlW4ILRD8BvuMEhZDzfFBTxZvEva-r_8SOSnWlu16klk5kyQKS1GBWpw-GH8APv3dy6S0StbWDDbK2wphJ-T-ymhCW9NI8SENoB6jNTAu36wJkTKUvV4lEbNZBQjIGLYM1C7pd5od5QFnF2tIxEmx-H3rzjztSxo9RPmuv5cjQIA5PD5QDV3rAsuButPANsT74cCy4CT9Xj2-DtAK7VeY50; Path=/; Domain=paypal.com; HttpOnly; Secure
                            [1] => cookie_check=yes; Path=/; Domain=paypal.com; Expires=Mon, 26 Aug 2030 18:55:14 GMT; HttpOnly; Secure
                            [2] => navcmd=_notify-validate; Path=/; Domain=paypal.com; HttpOnly; Secure
                            [3] => navlns=0.0; Path=/; Domain=paypal.com; Expires=Sun, 28 Aug 2022 18:55:14 GMT; HttpOnly; Secure
                            [4] => Apache=10.72.108.11.1598640913999440; Path=/
                            [5] => X-PP-SILOVER=name%3DSANDBOX3.WEB.1%26silo_version%3D880%26app%3Dappdispatcher%26TIME%3D1598640915%26HTTP_X_PP_AZ_LOCATOR%3Dsandbox.slc; Path=/; Domain=paypal.com; Expires=Fri, 28 Aug 2020 19:25:15 GMT; HttpOnly; Secure
                            [6] => ts=vreXpYrS%3D1693248913%26vteXpYrS%3D1598642713%26vr%3D366c7e401740a4888743fd93ff8a519d%26vt%3D366c7e401740a4888743fd93ff8a519c%26vtyp%3Dnew; Path=/; Domain=paypal.com; Expires=Mon, 28 Aug 2023 18:55:15 GMT; HttpOnly; Secure
                            [7] => ts_c=vr%3D366c7e401740a4888743fd93ff8a519d%26vt%3D366c7e401740a4888743fd93ff8a519c; Path=/; Domain=paypal.com; Expires=Mon, 28 Aug 2023 18:55:15 GMT; Secure
                            [8] => X-PP-L7=1; Path=/; Domain=paypal.com; Secure
                        )

                    [vary] => Accept-Encoding,User-Agent
                    [x-frame-options] => SAMEORIGIN
                    [content-length] => 34
                    [strict-transport-security] => max-age=63072000
                )

        )

    [body] => VERIFIED
    [response] => Array
        (
            [code] => 200
            [message] => OK
        )

    [cookies] => Array
        (
            [0] => WP_Http_Cookie Object
                (
                    [name] => c9MWDuvPtT9GIMyPc3jwol1VSlO
                    [value] => FAL8SDWihS8D35BiZCbR0djQL6WkUpSHeraDixzYs-06u4aEl8pH4dSY93iQg55mZLf1HI2qOJRrHX5bOs36NT3Vw-c9iQ-iN_qt-VySO_j4BYlSsP5mC4p33phHFqm8XXgjBUuGcI1iObRWmvNGcXj63WJJCQDx2R2WWzfKTbnkp1kKPYNinHMN5EFchJAg6GiCvnwTFgfKi7s6xi1e9q6q_kFykbObfTMaYlW4ILRD8BvuMEhZDzfFBTxZvEva-r_8SOSnWlu16klk5kyQKS1GBWpw-GH8APv3dy6S0StbWDDbK2wphJ-T-ymhCW9NI8SENoB6jNTAu36wJkTKUvV4lEbNZBQjIGLYM1C7pd5od5QFnF2tIxEmx-H3rzjztSxo9RPmuv5cjQIA5PD5QDV3rAsuButPANsT74cCy4CT9Xj2-DtAK7VeY50
                    [expires] => 
                    [path] => /
                    [domain] => paypal.com
                    [host_only] => 
                )

            [1] => WP_Http_Cookie Object
                (
                    [name] => cookie_check
                    [value] => yes
                    [expires] => 1914000914
                    [path] => /
                    [domain] => paypal.com
                    [host_only] => 
                )

            [2] => WP_Http_Cookie Object
                (
                    [name] => navcmd
                    [value] => _notify-validate
                    [expires] => 
                    [path] => /
                    [domain] => paypal.com
                    [host_only] => 
                )

            [3] => WP_Http_Cookie Object
                (
                    [name] => navlns
                    [value] => 0.0
                    [expires] => 1661712914
                    [path] => /
                    [domain] => paypal.com
                    [host_only] => 
                )

            [4] => WP_Http_Cookie Object
                (
                    [name] => Apache
                    [value] => 10.72.108.11.1598640913999440
                    [expires] => 
                    [path] => /
                    [domain] => www.sandbox.paypal.com
                    [host_only] => 1
                )

            [5] => WP_Http_Cookie Object
                (
                    [name] => X-PP-SILOVER
                    [value] => name=SANDBOX3.WEB.1&silo_version=880&app=appdispatcher&TIME=1598640915&HTTP_X_PP_AZ_LOCATOR=sandbox.slc
                    [expires] => 1598642715
                    [path] => /
                    [domain] => paypal.com
                    [host_only] => 
                )

            [6] => WP_Http_Cookie Object
                (
                    [name] => ts
                    [value] => vreXpYrS=1693248913&vteXpYrS=1598642713&vr=366c7e401740a4888743fd93ff8a519d&vt=366c7e401740a4888743fd93ff8a519c&vtyp=new
                    [expires] => 1693248915
                    [path] => /
                    [domain] => paypal.com
                    [host_only] => 
                )

            [7] => WP_Http_Cookie Object
                (
                    [name] => ts_c
                    [value] => vr=366c7e401740a4888743fd93ff8a519d&vt=366c7e401740a4888743fd93ff8a519c
                    [expires] => 1693248915
                    [path] => /
                    [domain] => paypal.com
                    [host_only] => 
                )

            [8] => WP_Http_Cookie Object
                (
                    [name] => X-PP-L7
                    [value] => 1
                    [expires] => 
                    [path] => /
                    [domain] => paypal.com
                    [host_only] => 
                )

        )

    [filename] => 
    [http_response] => WP_HTTP_Requests_Response Object
        (
            [response:protected] => Requests_Response Object
                (
                    [body] => VERIFIED
                    [raw] => HTTP/1.1 200 OK
Cache-Control: max-age=0, no-cache, no-store, must-revalidate
Content-Encoding: gzip
Content-Type: text/html; charset=UTF-8
Date: Fri, 28 Aug 2020 18:55:13 GMT
Paypal-Debug-Id: ae844f4a7d8bc
Set-Cookie: c9MWDuvPtT9GIMyPc3jwol1VSlO=FAL8SDWihS8D35BiZCbR0djQL6WkUpSHeraDixzYs-06u4aEl8pH4dSY93iQg55mZLf1HI2qOJRrHX5bOs36NT3Vw-c9iQ-iN_qt-VySO_j4BYlSsP5mC4p33phHFqm8XXgjBUuGcI1iObRWmvNGcXj63WJJCQDx2R2WWzfKTbnkp1kKPYNinHMN5EFchJAg6GiCvnwTFgfKi7s6xi1e9q6q_kFykbObfTMaYlW4ILRD8BvuMEhZDzfFBTxZvEva-r_8SOSnWlu16klk5kyQKS1GBWpw-GH8APv3dy6S0StbWDDbK2wphJ-T-ymhCW9NI8SENoB6jNTAu36wJkTKUvV4lEbNZBQjIGLYM1C7pd5od5QFnF2tIxEmx-H3rzjztSxo9RPmuv5cjQIA5PD5QDV3rAsuButPANsT74cCy4CT9Xj2-DtAK7VeY50; Path=/; Domain=paypal.com; HttpOnly; Secure
Set-Cookie: cookie_check=yes; Path=/; Domain=paypal.com; Expires=Mon, 26 Aug 2030 18:55:14 GMT; HttpOnly; Secure
Set-Cookie: navcmd=_notify-validate; Path=/; Domain=paypal.com; HttpOnly; Secure
Set-Cookie: navlns=0.0; Path=/; Domain=paypal.com; Expires=Sun, 28 Aug 2022 18:55:14 GMT; HttpOnly; Secure
Set-Cookie: Apache=10.72.108.11.1598640913999440; Path=/
Set-Cookie: X-PP-SILOVER=name%3DSANDBOX3.WEB.1%26silo_version%3D880%26app%3Dappdispatcher%26TIME%3D1598640915%26HTTP_X_PP_AZ_LOCATOR%3Dsandbox.slc; Path=/; Domain=paypal.com; Expires=Fri, 28 Aug 2020 19:25:15 GMT; HttpOnly; Secure
Set-Cookie: ts=vreXpYrS%3D1693248913%26vteXpYrS%3D1598642713%26vr%3D366c7e401740a4888743fd93ff8a519d%26vt%3D366c7e401740a4888743fd93ff8a519c%26vtyp%3Dnew; Path=/; Domain=paypal.com; Expires=Mon, 28 Aug 2023 18:55:15 GMT; HttpOnly; Secure
Set-Cookie: ts_c=vr%3D366c7e401740a4888743fd93ff8a519d%26vt%3D366c7e401740a4888743fd93ff8a519c; Path=/; Domain=paypal.com; Expires=Mon, 28 Aug 2023 18:55:15 GMT; Secure
Set-Cookie: X-PP-L7=1; Path=/; Domain=paypal.com; Secure
Vary: Accept-Encoding,User-Agent
X-Frame-Options: SAMEORIGIN
Content-Length: 34
Connection: close
Strict-Transport-Security: max-age=63072000

VERIFIED
                    [headers] => Requests_Response_Headers Object
                        (
                            [data:protected] => Array
                                (
                                    [cache-control] => Array
                                        (
                                            [0] => max-age=0, no-cache, no-store, must-revalidate
                                        )

                                    [content-encoding] => Array
                                        (
                                            [0] => gzip
                                        )

                                    [content-type] => Array
                                        (
                                            [0] => text/html; charset=UTF-8
                                        )

                                    [date] => Array
                                        (
                                            [0] => Fri, 28 Aug 2020 18:55:13 GMT
                                        )

                                    [paypal-debug-id] => Array
                                        (
                                            [0] => ae844f4a7d8bc
                                        )

                                    [set-cookie] => Array
                                        (
                                            [0] => c9MWDuvPtT9GIMyPc3jwol1VSlO=FAL8SDWihS8D35BiZCbR0djQL6WkUpSHeraDixzYs-06u4aEl8pH4dSY93iQg55mZLf1HI2qOJRrHX5bOs36NT3Vw-c9iQ-iN_qt-VySO_j4BYlSsP5mC4p33phHFqm8XXgjBUuGcI1iObRWmvNGcXj63WJJCQDx2R2WWzfKTbnkp1kKPYNinHMN5EFchJAg6GiCvnwTFgfKi7s6xi1e9q6q_kFykbObfTMaYlW4ILRD8BvuMEhZDzfFBTxZvEva-r_8SOSnWlu16klk5kyQKS1GBWpw-GH8APv3dy6S0StbWDDbK2wphJ-T-ymhCW9NI8SENoB6jNTAu36wJkTKUvV4lEbNZBQjIGLYM1C7pd5od5QFnF2tIxEmx-H3rzjztSxo9RPmuv5cjQIA5PD5QDV3rAsuButPANsT74cCy4CT9Xj2-DtAK7VeY50; Path=/; Domain=paypal.com; HttpOnly; Secure
                                            [1] => cookie_check=yes; Path=/; Domain=paypal.com; Expires=Mon, 26 Aug 2030 18:55:14 GMT; HttpOnly; Secure
                                            [2] => navcmd=_notify-validate; Path=/; Domain=paypal.com; HttpOnly; Secure
                                            [3] => navlns=0.0; Path=/; Domain=paypal.com; Expires=Sun, 28 Aug 2022 18:55:14 GMT; HttpOnly; Secure
                                            [4] => Apache=10.72.108.11.1598640913999440; Path=/
                                            [5] => X-PP-SILOVER=name%3DSANDBOX3.WEB.1%26silo_version%3D880%26app%3Dappdispatcher%26TIME%3D1598640915%26HTTP_X_PP_AZ_LOCATOR%3Dsandbox.slc; Path=/; Domain=paypal.com; Expires=Fri, 28 Aug 2020 19:25:15 GMT; HttpOnly; Secure
                                            [6] => ts=vreXpYrS%3D1693248913%26vteXpYrS%3D1598642713%26vr%3D366c7e401740a4888743fd93ff8a519d%26vt%3D366c7e401740a4888743fd93ff8a519c%26vtyp%3Dnew; Path=/; Domain=paypal.com; Expires=Mon, 28 Aug 2023 18:55:15 GMT; HttpOnly; Secure
                                            [7] => ts_c=vr%3D366c7e401740a4888743fd93ff8a519d%26vt%3D366c7e401740a4888743fd93ff8a519c; Path=/; Domain=paypal.com; Expires=Mon, 28 Aug 2023 18:55:15 GMT; Secure
                                            [8] => X-PP-L7=1; Path=/; Domain=paypal.com; Secure
                                        )

                                    [vary] => Array
                                        (
                                            [0] => Accept-Encoding,User-Agent
                                        )

                                    [x-frame-options] => Array
                                        (
                                            [0] => SAMEORIGIN
                                        )

                                    [content-length] => Array
                                        (
                                            [0] => 34
                                        )

                                    [strict-transport-security] => Array
                                        (
                                            [0] => max-age=63072000
                                        )

                                )

                        )

                    [status_code] => 200
                    [protocol_version] => 1.1
                    [success] => 1
                    [redirects] => 0
                    [url] => https://www.sandbox.paypal.com/cgi-bin/webscr
                    [history] => Array
                        (
                        )

                    [cookies] => Requests_Cookie_Jar Object
                        (
                            [cookies:protected] => Array
                                (
                                    [c9MWDuvPtT9GIMyPc3jwol1VSlO] => Requests_Cookie Object
                                        (
                                            [name] => c9MWDuvPtT9GIMyPc3jwol1VSlO
                                            [value] => FAL8SDWihS8D35BiZCbR0djQL6WkUpSHeraDixzYs-06u4aEl8pH4dSY93iQg55mZLf1HI2qOJRrHX5bOs36NT3Vw-c9iQ-iN_qt-VySO_j4BYlSsP5mC4p33phHFqm8XXgjBUuGcI1iObRWmvNGcXj63WJJCQDx2R2WWzfKTbnkp1kKPYNinHMN5EFchJAg6GiCvnwTFgfKi7s6xi1e9q6q_kFykbObfTMaYlW4ILRD8BvuMEhZDzfFBTxZvEva-r_8SOSnWlu16klk5kyQKS1GBWpw-GH8APv3dy6S0StbWDDbK2wphJ-T-ymhCW9NI8SENoB6jNTAu36wJkTKUvV4lEbNZBQjIGLYM1C7pd5od5QFnF2tIxEmx-H3rzjztSxo9RPmuv5cjQIA5PD5QDV3rAsuButPANsT74cCy4CT9Xj2-DtAK7VeY50
                                            [attributes] => Requests_Utility_CaseInsensitiveDictionary Object
                                                (
                                                    [data:protected] => Array
                                                        (
                                                            [path] => /
                                                            [domain] => paypal.com
                                                            [httponly] => 1
                                                            [secure] => 1
                                                        )

                                                )

                                            [flags] => Array
                                                (
                                                    [creation] => 1598640915
                                                    [last-access] => 1598640915
                                                    [persistent] => 
                                                    [host-only] => 
                                                )

                                            [reference_time] => 1598640915
                                        )

                                    [cookie_check] => Requests_Cookie Object
                                        (
                                            [name] => cookie_check
                                            [value] => yes
                                            [attributes] => Requests_Utility_CaseInsensitiveDictionary Object
                                                (
                                                    [data:protected] => Array
                                                        (
                                                            [path] => /
                                                            [domain] => paypal.com
                                                            [expires] => 1914000914
                                                            [httponly] => 1
                                                            [secure] => 1
                                                        )

                                                )

                                            [flags] => Array
                                                (
                                                    [creation] => 1598640915
                                                    [last-access] => 1598640915
                                                    [persistent] => 
                                                    [host-only] => 
                                                )

                                            [reference_time] => 1598640915
                                        )

                                    [navcmd] => Requests_Cookie Object
                                        (
                                            [name] => navcmd
                                            [value] => _notify-validate
                                            [attributes] => Requests_Utility_CaseInsensitiveDictionary Object
                                                (
                                                    [data:protected] => Array
                                                        (
                                                            [path] => /
                                                            [domain] => paypal.com
                                                            [httponly] => 1
                                                            [secure] => 1
                                                        )

                                                )

                                            [flags] => Array
                                                (
                                                    [creation] => 1598640915
                                                    [last-access] => 1598640915
                                                    [persistent] => 
                                                    [host-only] => 
                                                )

                                            [reference_time] => 1598640915
                                        )

                                    [navlns] => Requests_Cookie Object
                                        (
                                            [name] => navlns
                                            [value] => 0.0
                                            [attributes] => Requests_Utility_CaseInsensitiveDictionary Object
                                                (
                                                    [data:protected] => Array
                                                        (
                                                            [path] => /
                                                            [domain] => paypal.com
                                                            [expires] => 1661712914
                                                            [httponly] => 1
                                                            [secure] => 1
                                                        )

                                                )

                                            [flags] => Array
                                                (
                                                    [creation] => 1598640915
                                                    [last-access] => 1598640915
                                                    [persistent] => 
                                                    [host-only] => 
                                                )

                                            [reference_time] => 1598640915
                                        )

                                    [Apache] => Requests_Cookie Object
                                        (
                                            [name] => Apache
                                            [value] => 10.72.108.11.1598640913999440
                                            [attributes] => Requests_Utility_CaseInsensitiveDictionary Object
                                                (
                                                    [data:protected] => Array
                                                        (
                                                            [path] => /
                                                            [domain] => www.sandbox.paypal.com
                                                        )

                                                )

                                            [flags] => Array
                                                (
                                                    [creation] => 1598640915
                                                    [last-access] => 1598640915
                                                    [persistent] => 
                                                    [host-only] => 1
                                                )

                                            [reference_time] => 1598640915
                                        )

                                    [X-PP-SILOVER] => Requests_Cookie Object
                                        (
                                            [name] => X-PP-SILOVER
                                            [value] => name%3DSANDBOX3.WEB.1%26silo_version%3D880%26app%3Dappdispatcher%26TIME%3D1598640915%26HTTP_X_PP_AZ_LOCATOR%3Dsandbox.slc
                                            [attributes] => Requests_Utility_CaseInsensitiveDictionary Object
                                                (
                                                    [data:protected] => Array
                                                        (
                                                            [path] => /
                                                            [domain] => paypal.com
                                                            [expires] => 1598642715
                                                            [httponly] => 1
                                                            [secure] => 1
                                                        )

                                                )

                                            [flags] => Array
                                                (
                                                    [creation] => 1598640915
                                                    [last-access] => 1598640915
                                                    [persistent] => 
                                                    [host-only] => 
                                                )

                                            [reference_time] => 1598640915
                                        )

                                    [ts] => Requests_Cookie Object
                                        (
                                            [name] => ts
                                            [value] => vreXpYrS%3D1693248913%26vteXpYrS%3D1598642713%26vr%3D366c7e401740a4888743fd93ff8a519d%26vt%3D366c7e401740a4888743fd93ff8a519c%26vtyp%3Dnew
                                            [attributes] => Requests_Utility_CaseInsensitiveDictionary Object
                                                (
                                                    [data:protected] => Array
                                                        (
                                                            [path] => /
                                                            [domain] => paypal.com
                                                            [expires] => 1693248915
                                                            [httponly] => 1
                                                            [secure] => 1
                                                        )

                                                )

                                            [flags] => Array
                                                (
                                                    [creation] => 1598640915
                                                    [last-access] => 1598640915
                                                    [persistent] => 
                                                    [host-only] => 
                                                )

                                            [reference_time] => 1598640915
                                        )

                                    [ts_c] => Requests_Cookie Object
                                        (
                                            [name] => ts_c
                                            [value] => vr%3D366c7e401740a4888743fd93ff8a519d%26vt%3D366c7e401740a4888743fd93ff8a519c
                                            [attributes] => Requests_Utility_CaseInsensitiveDictionary Object
                                                (
                                                    [data:protected] => Array
                                                        (
                                                            [path] => /
                                                            [domain] => paypal.com
                                                            [expires] => 1693248915
                                                            [secure] => 1
                                                        )

                                                )

                                            [flags] => Array
                                                (
                                                    [creation] => 1598640915
                                                    [last-access] => 1598640915
                                                    [persistent] => 
                                                    [host-only] => 
                                                )

                                            [reference_time] => 1598640915
                                        )

                                    [X-PP-L7] => Requests_Cookie Object
                                        (
                                            [name] => X-PP-L7
                                            [value] => 1
                                            [attributes] => Requests_Utility_CaseInsensitiveDictionary Object
                                                (
                                                    [data:protected] => Array
                                                        (
                                                            [path] => /
                                                            [domain] => paypal.com
                                                            [secure] => 1
                                                        )

                                                )

                                            [flags] => Array
                                                (
                                                    [creation] => 1598640915
                                                    [last-access] => 1598640915
                                                    [persistent] => 
                                                    [host-only] => 
                                                )

                                            [reference_time] => 1598640915
                                        )

                                )

                        )

                )

            [filename:protected] => 
            [data] => 
            [headers] => 
            [status] => 
        )

)

2020-08-28T18:55:15+00:00 INFO Received valid response from PayPal IPN
2020-08-28T18:55:15+00:00 INFO Found order #1732
2020-08-28T18:55:15+00:00 INFO Payment status: completed
2020-08-28T18:56:34+00:00 INFO Generating payment form for order 1733. Notify URL: https://phi-tuition.eu/store/wc-api/WC_Gateway_Paypal/
2020-08-28T18:56:34+00:00 INFO PayPal Request Args for order 1733: Array
(
    [cmd] => _cart
    [business] => dkm062@gmail.com
    [no_note] => 1
    [currency_code] => GBP
    [charset] => utf-8
    [rm] => 2
    [upload] => 1
    [return] => https://phi-tuition.eu/store/checkout/order-received/1733/?key=wc_order_h0L0WQzs7wbap&utm_nooverride=1
    [cancel_return] => https://phi-tuition.eu/store/cart/?cancel_order=true&order=wc_order_h0L0WQzs7wbap&order_id=1733&redirect&_wpnonce=3eb6dc2081
    [page_style] => 
    [image_url] => 
    [paymentaction] => sale
    [invoice] => WC-1733
    [custom] => {"order_id":1733,"order_key":"wc_order_h0L0WQzs7wbap"}
    [notify_url] => https://phi-tuition.eu/store/wc-api/WC_Gateway_Paypal/
    [first_name] => ***
    [last_name] => ***
    [address1] => ***
    [address2] => ***
    [city] => ***
    [state] => ***
    [zip] => ***
    [country] => ***
    [email] => ***@***
    [night_phone_a] => ***
    [night_phone_b] => ***
    [no_shipping] => 1
    [tax_cart] => 0.00
    [item_name_1] => A-Level, Year-2 Chemistry (Year: 13, Examination board: AQA, Days: Mon, Time: 19:15 - 21:15, Hours per week: 2, Offered onli...
    [quantity_1] => 1
    [amount_1] => 220
    [item_number_1] => 
    [item_name_2] => A-Level, Year-2 Physics (Year: 13, Examination board: AQA, Days: Thu, Time: 17:00 - 19:00, Hours per week: 2, Offered online...
    [quantity_2] => 1
    [amount_2] => 220
    [item_number_2] => 
    [item_name_3] => Registration fee
    [quantity_3] => 1
    [amount_3] => 25
    [item_number_3] => 
    [bn] => WooThemes_Cart
)

2020-08-28T18:58:48+00:00 INFO Checking IPN response is valid
2020-08-28T18:58:50+00:00 INFO IPN Response: Array
(
    [headers] => Requests_Utility_CaseInsensitiveDictionary Object
        (
            [data:protected] => Array
                (
                    [cache-control] => max-age=0, no-cache, no-store, must-revalidate
                    [content-encoding] => gzip
                    [content-type] => text/html; charset=UTF-8
                    [date] => Fri, 28 Aug 2020 18:58:49 GMT
                    [paypal-debug-id] => 69b1975502a1
                    [set-cookie] => Array
                        (
                            [0] => c9MWDuvPtT9GIMyPc3jwol1VSlO=sRnQsxeOR8ca-hUizv0aS3bSIIXfiR2go5-W6o85P7_0Vrhp5KiaXS-wb-_jCcSW6BTVS5cWKSBLWQNCj7Wi8uOPviEHWfsN31JYfHeMVr-hk2P-N4l_vJhE_gLqJSrELBmqCotEU5-mwCg2Hss1p18haNTIBoblfbDAivwPuygspBNz5VfirMK3w7thXBT2ORByrS56tERvsBZbJVuXOFf0UFy9EdDIbLA-ZBLNuBjud5ISJYnvfwl4ugv1CHu3HH6nQJWGHL2z6y4SDcOJ7GoYzgoLYcG43_OXcdYY03312ueQgDDpL6ypz4xOKei0TMnbS_nFyq-la6yyKZCJXPlaZh75P0FliIshL6h5405r1mI9w7NVWiSv5Gv984yJx8crmf7oNHayMBAvAW7hT1oR2egS1sc2VrzlyqaOvF4Wbap07lS2GR2BWrm; Path=/; Domain=paypal.com; HttpOnly; Secure
                            [1] => cookie_check=yes; Path=/; Domain=paypal.com; Expires=Mon, 26 Aug 2030 18:58:50 GMT; HttpOnly; Secure
                            [2] => navcmd=_notify-validate; Path=/; Domain=paypal.com; HttpOnly; Secure
                            [3] => navlns=0.0; Path=/; Domain=paypal.com; Expires=Sun, 28 Aug 2022 18:58:50 GMT; HttpOnly; Secure
                            [4] => Apache=10.72.108.11.1598641129657933; Path=/
                            [5] => X-PP-SILOVER=name%3DSANDBOX3.WEB.1%26silo_version%3D880%26app%3Dappdispatcher%26TIME%3D1598641130%26HTTP_X_PP_AZ_LOCATOR%3Dsandbox.slc; Path=/; Domain=paypal.com; Expires=Fri, 28 Aug 2020 19:28:50 GMT; HttpOnly; Secure
                            [6] => ts=vreXpYrS%3D1693249129%26vteXpYrS%3D1598642929%26vr%3D366fc8ab1740a48e38aa9ef5ff8a95fc%26vt%3D366fc8ab1740a48e38aa9ef5ff8a95fb%26vtyp%3Dnew; Path=/; Domain=paypal.com; Expires=Mon, 28 Aug 2023 18:58:50 GMT; HttpOnly; Secure
                            [7] => ts_c=vr%3D366fc8ab1740a48e38aa9ef5ff8a95fc%26vt%3D366fc8ab1740a48e38aa9ef5ff8a95fb; Path=/; Domain=paypal.com; Expires=Mon, 28 Aug 2023 18:58:50 GMT; Secure
                            [8] => X-PP-L7=1; Path=/; Domain=paypal.com; Secure
                        )

                    [vary] => Accept-Encoding,User-Agent
                    [x-frame-options] => SAMEORIGIN
                    [content-length] => 34
                    [strict-transport-security] => max-age=63072000
                )

        )

    [body] => VERIFIED
    [response] => Array
        (
            [code] => 200
            [message] => OK
        )

    [cookies] => Array
        (
            [0] => WP_Http_Cookie Object
                (
                    [name] => c9MWDuvPtT9GIMyPc3jwol1VSlO
                    [value] => sRnQsxeOR8ca-hUizv0aS3bSIIXfiR2go5-W6o85P7_0Vrhp5KiaXS-wb-_jCcSW6BTVS5cWKSBLWQNCj7Wi8uOPviEHWfsN31JYfHeMVr-hk2P-N4l_vJhE_gLqJSrELBmqCotEU5-mwCg2Hss1p18haNTIBoblfbDAivwPuygspBNz5VfirMK3w7thXBT2ORByrS56tERvsBZbJVuXOFf0UFy9EdDIbLA-ZBLNuBjud5ISJYnvfwl4ugv1CHu3HH6nQJWGHL2z6y4SDcOJ7GoYzgoLYcG43_OXcdYY03312ueQgDDpL6ypz4xOKei0TMnbS_nFyq-la6yyKZCJXPlaZh75P0FliIshL6h5405r1mI9w7NVWiSv5Gv984yJx8crmf7oNHayMBAvAW7hT1oR2egS1sc2VrzlyqaOvF4Wbap07lS2GR2BWrm
                    [expires] => 
                    [path] => /
                    [domain] => paypal.com
                    [host_only] => 
                )

            [1] => WP_Http_Cookie Object
                (
                    [name] => cookie_check
                    [value] => yes
                    [expires] => 1914001130
                    [path] => /
                    [domain] => paypal.com
                    [host_only] => 
                )

            [2] => WP_Http_Cookie Object
                (
                    [name] => navcmd
                    [value] => _notify-validate
                    [expires] => 
                    [path] => /
                    [domain] => paypal.com
                    [host_only] => 
                )

            [3] => WP_Http_Cookie Object
                (
                    [name] => navlns
                    [value] => 0.0
                    [expires] => 1661713130
                    [path] => /
                    [domain] => paypal.com
                    [host_only] => 
                )

            [4] => WP_Http_Cookie Object
                (
                    [name] => Apache
                    [value] => 10.72.108.11.1598641129657933
                    [expires] => 
                    [path] => /
                    [domain] => www.sandbox.paypal.com
                    [host_only] => 1
                )

            [5] => WP_Http_Cookie Object
                (
                    [name] => X-PP-SILOVER
                    [value] => name=SANDBOX3.WEB.1&silo_version=880&app=appdispatcher&TIME=1598641130&HTTP_X_PP_AZ_LOCATOR=sandbox.slc
                    [expires] => 1598642930
                    [path] => /
                    [domain] => paypal.com
                    [host_only] => 
                )

            [6] => WP_Http_Cookie Object
                (
                    [name] => ts
                    [value] => vreXpYrS=1693249129&vteXpYrS=1598642929&vr=366fc8ab1740a48e38aa9ef5ff8a95fc&vt=366fc8ab1740a48e38aa9ef5ff8a95fb&vtyp=new
                    [expires] => 1693249130
                    [path] => /
                    [domain] => paypal.com
                    [host_only] => 
                )

            [7] => WP_Http_Cookie Object
                (
                    [name] => ts_c
                    [value] => vr=366fc8ab1740a48e38aa9ef5ff8a95fc&vt=366fc8ab1740a48e38aa9ef5ff8a95fb
                    [expires] => 1693249130
                    [path] => /
                    [domain] => paypal.com
                    [host_only] => 
                )

            [8] => WP_Http_Cookie Object
                (
                    [name] => X-PP-L7
                    [value] => 1
                    [expires] => 
                    [path] => /
                    [domain] => paypal.com
                    [host_only] => 
                )

        )

    [filename] => 
    [http_response] => WP_HTTP_Requests_Response Object
        (
            [response:protected] => Requests_Response Object
                (
                    [body] => VERIFIED
                    [raw] => HTTP/1.1 200 OK
Cache-Control: max-age=0, no-cache, no-store, must-revalidate
Content-Encoding: gzip
Content-Type: text/html; charset=UTF-8
Date: Fri, 28 Aug 2020 18:58:49 GMT
Paypal-Debug-Id: 69b1975502a1
Set-Cookie: c9MWDuvPtT9GIMyPc3jwol1VSlO=sRnQsxeOR8ca-hUizv0aS3bSIIXfiR2go5-W6o85P7_0Vrhp5KiaXS-wb-_jCcSW6BTVS5cWKSBLWQNCj7Wi8uOPviEHWfsN31JYfHeMVr-hk2P-N4l_vJhE_gLqJSrELBmqCotEU5-mwCg2Hss1p18haNTIBoblfbDAivwPuygspBNz5VfirMK3w7thXBT2ORByrS56tERvsBZbJVuXOFf0UFy9EdDIbLA-ZBLNuBjud5ISJYnvfwl4ugv1CHu3HH6nQJWGHL2z6y4SDcOJ7GoYzgoLYcG43_OXcdYY03312ueQgDDpL6ypz4xOKei0TMnbS_nFyq-la6yyKZCJXPlaZh75P0FliIshL6h5405r1mI9w7NVWiSv5Gv984yJx8crmf7oNHayMBAvAW7hT1oR2egS1sc2VrzlyqaOvF4Wbap07lS2GR2BWrm; Path=/; Domain=paypal.com; HttpOnly; Secure
Set-Cookie: cookie_check=yes; Path=/; Domain=paypal.com; Expires=Mon, 26 Aug 2030 18:58:50 GMT; HttpOnly; Secure
Set-Cookie: navcmd=_notify-validate; Path=/; Domain=paypal.com; HttpOnly; Secure
Set-Cookie: navlns=0.0; Path=/; Domain=paypal.com; Expires=Sun, 28 Aug 2022 18:58:50 GMT; HttpOnly; Secure
Set-Cookie: Apache=10.72.108.11.1598641129657933; Path=/
Set-Cookie: X-PP-SILOVER=name%3DSANDBOX3.WEB.1%26silo_version%3D880%26app%3Dappdispatcher%26TIME%3D1598641130%26HTTP_X_PP_AZ_LOCATOR%3Dsandbox.slc; Path=/; Domain=paypal.com; Expires=Fri, 28 Aug 2020 19:28:50 GMT; HttpOnly; Secure
Set-Cookie: ts=vreXpYrS%3D1693249129%26vteXpYrS%3D1598642929%26vr%3D366fc8ab1740a48e38aa9ef5ff8a95fc%26vt%3D366fc8ab1740a48e38aa9ef5ff8a95fb%26vtyp%3Dnew; Path=/; Domain=paypal.com; Expires=Mon, 28 Aug 2023 18:58:50 GMT; HttpOnly; Secure
Set-Cookie: ts_c=vr%3D366fc8ab1740a48e38aa9ef5ff8a95fc%26vt%3D366fc8ab1740a48e38aa9ef5ff8a95fb; Path=/; Domain=paypal.com; Expires=Mon, 28 Aug 2023 18:58:50 GMT; Secure
Set-Cookie: X-PP-L7=1; Path=/; Domain=paypal.com; Secure
Vary: Accept-Encoding,User-Agent
X-Frame-Options: SAMEORIGIN
Content-Length: 34
Connection: close
Strict-Transport-Security: max-age=63072000

VERIFIED
                    [headers] => Requests_Response_Headers Object
                        (
                            [data:protected] => Array
                                (
                                    [cache-control] => Array
                                        (
                                            [0] => max-age=0, no-cache, no-store, must-revalidate
                                        )

                                    [content-encoding] => Array
                                        (
                                            [0] => gzip
                                        )

                                    [content-type] => Array
                                        (
                                            [0] => text/html; charset=UTF-8
                                        )

                                    [date] => Array
                                        (
                                            [0] => Fri, 28 Aug 2020 18:58:49 GMT
                                        )

                                    [paypal-debug-id] => Array
                                        (
                                            [0] => 69b1975502a1
                                        )

                                    [set-cookie] => Array
                                        (
                                            [0] => c9MWDuvPtT9GIMyPc3jwol1VSlO=sRnQsxeOR8ca-hUizv0aS3bSIIXfiR2go5-W6o85P7_0Vrhp5KiaXS-wb-_jCcSW6BTVS5cWKSBLWQNCj7Wi8uOPviEHWfsN31JYfHeMVr-hk2P-N4l_vJhE_gLqJSrELBmqCotEU5-mwCg2Hss1p18haNTIBoblfbDAivwPuygspBNz5VfirMK3w7thXBT2ORByrS56tERvsBZbJVuXOFf0UFy9EdDIbLA-ZBLNuBjud5ISJYnvfwl4ugv1CHu3HH6nQJWGHL2z6y4SDcOJ7GoYzgoLYcG43_OXcdYY03312ueQgDDpL6ypz4xOKei0TMnbS_nFyq-la6yyKZCJXPlaZh75P0FliIshL6h5405r1mI9w7NVWiSv5Gv984yJx8crmf7oNHayMBAvAW7hT1oR2egS1sc2VrzlyqaOvF4Wbap07lS2GR2BWrm; Path=/; Domain=paypal.com; HttpOnly; Secure
                                            [1] => cookie_check=yes; Path=/; Domain=paypal.com; Expires=Mon, 26 Aug 2030 18:58:50 GMT; HttpOnly; Secure
                                            [2] => navcmd=_notify-validate; Path=/; Domain=paypal.com; HttpOnly; Secure
                                            [3] => navlns=0.0; Path=/; Domain=paypal.com; Expires=Sun, 28 Aug 2022 18:58:50 GMT; HttpOnly; Secure
                                            [4] => Apache=10.72.108.11.1598641129657933; Path=/
                                            [5] => X-PP-SILOVER=name%3DSANDBOX3.WEB.1%26silo_version%3D880%26app%3Dappdispatcher%26TIME%3D1598641130%26HTTP_X_PP_AZ_LOCATOR%3Dsandbox.slc; Path=/; Domain=paypal.com; Expires=Fri, 28 Aug 2020 19:28:50 GMT; HttpOnly; Secure
                                            [6] => ts=vreXpYrS%3D1693249129%26vteXpYrS%3D1598642929%26vr%3D366fc8ab1740a48e38aa9ef5ff8a95fc%26vt%3D366fc8ab1740a48e38aa9ef5ff8a95fb%26vtyp%3Dnew; Path=/; Domain=paypal.com; Expires=Mon, 28 Aug 2023 18:58:50 GMT; HttpOnly; Secure
                                            [7] => ts_c=vr%3D366fc8ab1740a48e38aa9ef5ff8a95fc%26vt%3D366fc8ab1740a48e38aa9ef5ff8a95fb; Path=/; Domain=paypal.com; Expires=Mon, 28 Aug 2023 18:58:50 GMT; Secure
                                            [8] => X-PP-L7=1; Path=/; Domain=paypal.com; Secure
                                        )

                                    [vary] => Array
                                        (
                                            [0] => Accept-Encoding,User-Agent
                                        )

                                    [x-frame-options] => Array
                                        (
                                            [0] => SAMEORIGIN
                                        )

                                    [content-length] => Array
                                        (
                                            [0] => 34
                                        )

                                    [strict-transport-security] => Array
                                        (
                                            [0] => max-age=63072000
                                        )

                                )

                        )

                    [status_code] => 200
                    [protocol_version] => 1.1
                    [success] => 1
                    [redirects] => 0
                    [url] => https://www.sandbox.paypal.com/cgi-bin/webscr
                    [history] => Array
                        (
                        )

                    [cookies] => Requests_Cookie_Jar Object
                        (
                            [cookies:protected] => Array
                                (
                                    [c9MWDuvPtT9GIMyPc3jwol1VSlO] => Requests_Cookie Object
                                        (
                                            [name] => c9MWDuvPtT9GIMyPc3jwol1VSlO
                                            [value] => sRnQsxeOR8ca-hUizv0aS3bSIIXfiR2go5-W6o85P7_0Vrhp5KiaXS-wb-_jCcSW6BTVS5cWKSBLWQNCj7Wi8uOPviEHWfsN31JYfHeMVr-hk2P-N4l_vJhE_gLqJSrELBmqCotEU5-mwCg2Hss1p18haNTIBoblfbDAivwPuygspBNz5VfirMK3w7thXBT2ORByrS56tERvsBZbJVuXOFf0UFy9EdDIbLA-ZBLNuBjud5ISJYnvfwl4ugv1CHu3HH6nQJWGHL2z6y4SDcOJ7GoYzgoLYcG43_OXcdYY03312ueQgDDpL6ypz4xOKei0TMnbS_nFyq-la6yyKZCJXPlaZh75P0FliIshL6h5405r1mI9w7NVWiSv5Gv984yJx8crmf7oNHayMBAvAW7hT1oR2egS1sc2VrzlyqaOvF4Wbap07lS2GR2BWrm
                                            [attributes] => Requests_Utility_CaseInsensitiveDictionary Object
                                                (
                                                    [data:protected] => Array
                                                        (
                                                            [path] => /
                                                            [domain] => paypal.com
                                                            [httponly] => 1
                                                            [secure] => 1
                                                        )

                                                )

                                            [flags] => Array
                                                (
                                                    [creation] => 1598641130
                                                    [last-access] => 1598641130
                                                    [persistent] => 
                                                    [host-only] => 
                                                )

                                            [reference_time] => 1598641130
                                        )

                                    [cookie_check] => Requests_Cookie Object
                                        (
                                            [name] => cookie_check
                                            [value] => yes
                                            [attributes] => Requests_Utility_CaseInsensitiveDictionary Object
                                                (
                                                    [data:protected] => Array
                                                        (
                                                            [path] => /
                                                            [domain] => paypal.com
                                                            [expires] => 1914001130
                                                            [httponly] => 1
                                                            [secure] => 1
                                                        )

                                                )

                                            [flags] => Array
                                                (
                                                    [creation] => 1598641130
                                                    [last-access] => 1598641130
                                                    [persistent] => 
                                                    [host-only] => 
                                                )

                                            [reference_time] => 1598641130
                                        )

                                    [navcmd] => Requests_Cookie Object
                                        (
                                            [name] => navcmd
                                            [value] => _notify-validate
                                            [attributes] => Requests_Utility_CaseInsensitiveDictionary Object
                                                (
                                                    [data:protected] => Array
                                                        (
                                                            [path] => /
                                                            [domain] => paypal.com
                                                            [httponly] => 1
                                                            [secure] => 1
                                                        )

                                                )

                                            [flags] => Array
                                                (
                                                    [creation] => 1598641130
                                                    [last-access] => 1598641130
                                                    [persistent] => 
                                                    [host-only] => 
                                                )

                                            [reference_time] => 1598641130
                                        )

                                    [navlns] => Requests_Cookie Object
                                        (
                                            [name] => navlns
                                            [value] => 0.0
                                            [attributes] => Requests_Utility_CaseInsensitiveDictionary Object
                                                (
                                                    [data:protected] => Array
                                                        (
                                                            [path] => /
                                                            [domain] => paypal.com
                                                            [expires] => 1661713130
                                                            [httponly] => 1
                                                            [secure] => 1
                                                        )

                                                )

                                            [flags] => Array
                                                (
                                                    [creation] => 1598641130
                                                    [last-access] => 1598641130
                                                    [persistent] => 
                                                    [host-only] => 
                                                )

                                            [reference_time] => 1598641130
                                        )

                                    [Apache] => Requests_Cookie Object
                                        (
                                            [name] => Apache
                                            [value] => 10.72.108.11.1598641129657933
                                            [attributes] => Requests_Utility_CaseInsensitiveDictionary Object
                                                (
                                                    [data:protected] => Array
                                                        (
                                                            [path] => /
                                                            [domain] => www.sandbox.paypal.com
                                                        )

                                                )

                                            [flags] => Array
                                                (
                                                    [creation] => 1598641130
                                                    [last-access] => 1598641130
                                                    [persistent] => 
                                                    [host-only] => 1
                                                )

                                            [reference_time] => 1598641130
                                        )

                                    [X-PP-SILOVER] => Requests_Cookie Object
                                        (
                                            [name] => X-PP-SILOVER
                                            [value] => name%3DSANDBOX3.WEB.1%26silo_version%3D880%26app%3Dappdispatcher%26TIME%3D1598641130%26HTTP_X_PP_AZ_LOCATOR%3Dsandbox.slc
                                            [attributes] => Requests_Utility_CaseInsensitiveDictionary Object
                                                (
                                                    [data:protected] => Array
                                                        (
                                                            [path] => /
                                                            [domain] => paypal.com
                                                            [expires] => 1598642930
                                                            [httponly] => 1
                                                            [secure] => 1
                                                        )

                                                )

                                            [flags] => Array
                                                (
                                                    [creation] => 1598641130
                                                    [last-access] => 1598641130
                                                    [persistent] => 
                                                    [host-only] => 
                                                )

                                            [reference_time] => 1598641130
                                        )

                                    [ts] => Requests_Cookie Object
                                        (
                                            [name] => ts
                                            [value] => vreXpYrS%3D1693249129%26vteXpYrS%3D1598642929%26vr%3D366fc8ab1740a48e38aa9ef5ff8a95fc%26vt%3D366fc8ab1740a48e38aa9ef5ff8a95fb%26vtyp%3Dnew
                                            [attributes] => Requests_Utility_CaseInsensitiveDictionary Object
                                                (
                                                    [data:protected] => Array
                                                        (
                                                            [path] => /
                                                            [domain] => paypal.com
                                                            [expires] => 1693249130
                                                            [httponly] => 1
                                                            [secure] => 1
                                                        )

                                                )

                                            [flags] => Array
                                                (
                                                    [creation] => 1598641130
                                                    [last-access] => 1598641130
                                                    [persistent] => 
                                                    [host-only] => 
                                                )

                                            [reference_time] => 1598641130
                                        )

                                    [ts_c] => Requests_Cookie Object
                                        (
                                            [name] => ts_c
                                            [value] => vr%3D366fc8ab1740a48e38aa9ef5ff8a95fc%26vt%3D366fc8ab1740a48e38aa9ef5ff8a95fb
                                            [attributes] => Requests_Utility_CaseInsensitiveDictionary Object
                                                (
                                                    [data:protected] => Array
                                                        (
                                                            [path] => /
                                                            [domain] => paypal.com
                                                            [expires] => 1693249130
                                                            [secure] => 1
                                                        )

                                                )

                                            [flags] => Array
                                                (
                                                    [creation] => 1598641130
                                                    [last-access] => 1598641130
                                                    [persistent] => 
                                                    [host-only] => 
                                                )

                                            [reference_time] => 1598641130
                                        )

                                    [X-PP-L7] => Requests_Cookie Object
                                        (
                                            [name] => X-PP-L7
                                            [value] => 1
                                            [attributes] => Requests_Utility_CaseInsensitiveDictionary Object
                                                (
                                                    [data:protected] => Array
                                                        (
                                                            [path] => /
                                                            [domain] => paypal.com
                                                            [secure] => 1
                                                        )

                                                )

                                            [flags] => Array
                                                (
                                                    [creation] => 1598641130
                                                    [last-access] => 1598641130
                                                    [persistent] => 
                                                    [host-only] => 
                                                )

                                            [reference_time] => 1598641130
                                        )

                                )

                        )

                )

            [filename:protected] => 
            [data] => 
            [headers] => 
            [status] => 
        )

)

2020-08-28T18:58:50+00:00 INFO Received valid response from PayPal IPN
2020-08-28T18:58:50+00:00 INFO Found order #1733
2020-08-28T18:58:50+00:00 INFO Payment status: completed
2020-08-28T19:14:22+00:00 INFO Generating payment form for order 1734. Notify URL: https://phi-tuition.eu/store/wc-api/WC_Gateway_Paypal/
2020-08-28T19:14:22+00:00 INFO PayPal Request Args for order 1734: Array
(
    [cmd] => _cart
    [business] => dkm062@gmail.com
    [no_note] => 1
    [currency_code] => GBP
    [charset] => utf-8
    [rm] => 2
    [upload] => 1
    [return] => https://phi-tuition.eu/store/checkout/order-received/1734/?key=wc_order_ZaUKAtvPb5EMj&utm_nooverride=1
    [cancel_return] => https://phi-tuition.eu/store/cart/?cancel_order=true&order=wc_order_ZaUKAtvPb5EMj&order_id=1734&redirect&_wpnonce=da0051c787
    [page_style] => 
    [image_url] => 
    [paymentaction] => sale
    [invoice] => WC-1734
    [custom] => {"order_id":1734,"order_key":"wc_order_ZaUKAtvPb5EMj"}
    [notify_url] => https://phi-tuition.eu/store/wc-api/WC_Gateway_Paypal/
    [first_name] => ***
    [last_name] => ***
    [address1] => ***
    [address2] => ***
    [city] => ***
    [state] => ***
    [zip] => ***
    [country] => ***
    [email] => ***@***
    [night_phone_a] => ***
    [night_phone_b] => ***
    [no_shipping] => 1
    [tax_cart] => 0.00
    [item_name_1] => A-Level, Year-1  Biology (Year: 12, Examination board: AQA, Days: Wed, Time: 17:00 - 19:00, Hours per week: 2, Offered onlin...
    [quantity_1] => 1
    [amount_1] => 240
    [item_number_1] => 
    [item_name_2] => Registration fee
    [quantity_2] => 1
    [amount_2] => 25
    [item_number_2] => 
    [bn] => WooThemes_Cart
)

2020-08-28T19:15:13+00:00 INFO Checking IPN response is valid
2020-08-28T19:15:14+00:00 INFO IPN Response: Array
(
    [headers] => Requests_Utility_CaseInsensitiveDictionary Object
        (
            [data:protected] => Array
                (
                    [cache-control] => max-age=0, no-cache, no-store, must-revalidate
                    [content-encoding] => gzip
                    [content-type] => text/html; charset=UTF-8
                    [date] => Fri, 28 Aug 2020 19:15:13 GMT
                    [paypal-debug-id] => 9295b758c2f62
                    [set-cookie] => Array
                        (
                            [0] => c9MWDuvPtT9GIMyPc3jwol1VSlO=lOEsl-SailJLwU4bzY3NAmnkoAoF6VsrPIff7yKoQbZ9gZoSz3y0asWUWQ9-Yk0ifMUTzNcK9ZeYngSKUmRfAo3TAlblFuPzmo1KkHWVZDbSm51ShIZH6l2BmwI8vMPPwMvzye2oVHVzGgq3MmOx5riBesyqEuK0io53lvzzh5pEebxtXBNiKxK12H-6eBoA3_5WK0T4CZDbkwkV6k6wKZFkHpW9lacjVfaQxdD7WnVY-3kR4gMStNaDuobbsgkktj4IZkE1OCSty_I8KVacOVUkx1KuzVTNFG25h4mHJCqsn_eyjc6zm3prDLoRIxzqtsOhbXMXiw3cn4TjC8PZ6dOs7alkKaT8osH3CoBTqQAWfzaWLP9tg5EWr7zrTu_S5YPtPLVqOMi-qrRihaPVkw-F8bul7_eIyPFYwaX1bvqMcM_Uhfhzqt3g_Km; Path=/; Domain=paypal.com; HttpOnly; Secure
                            [1] => cookie_check=yes; Path=/; Domain=paypal.com; Expires=Mon, 26 Aug 2030 19:15:14 GMT; HttpOnly; Secure
                            [2] => navcmd=_notify-validate; Path=/; Domain=paypal.com; HttpOnly; Secure
                            [3] => navlns=0.0; Path=/; Domain=paypal.com; Expires=Sun, 28 Aug 2022 19:15:14 GMT; HttpOnly; Secure
                            [4] => Apache=10.72.108.11.1598642113746472; Path=/
                            [5] => X-PP-SILOVER=name%3DSANDBOX3.WEB.1%26silo_version%3D880%26app%3Dappdispatcher%26TIME%3D1598642114%26HTTP_X_PP_AZ_LOCATOR%3Dsandbox.slc; Path=/; Domain=paypal.com; Expires=Fri, 28 Aug 2020 19:45:14 GMT; HttpOnly; Secure
                            [6] => ts=vreXpYrS%3D1693250113%26vteXpYrS%3D1598643913%26vr%3D367eccc41740a4888743fd93ff895e9b%26vt%3D367eccc41740a4888743fd93ff895e9a%26vtyp%3Dnew; Path=/; Domain=paypal.com; Expires=Mon, 28 Aug 2023 19:15:14 GMT; HttpOnly; Secure
                            [7] => ts_c=vr%3D367eccc41740a4888743fd93ff895e9b%26vt%3D367eccc41740a4888743fd93ff895e9a; Path=/; Domain=paypal.com; Expires=Mon, 28 Aug 2023 19:15:14 GMT; Secure
                            [8] => X-PP-L7=1; Path=/; Domain=paypal.com; Secure
                        )

                    [vary] => Accept-Encoding,User-Agent
                    [x-frame-options] => SAMEORIGIN
                    [content-length] => 34
                    [strict-transport-security] => max-age=63072000
                )

        )

    [body] => VERIFIED
    [response] => Array
        (
            [code] => 200
            [message] => OK
        )

    [cookies] => Array
        (
            [0] => WP_Http_Cookie Object
                (
                    [name] => c9MWDuvPtT9GIMyPc3jwol1VSlO
                    [value] => lOEsl-SailJLwU4bzY3NAmnkoAoF6VsrPIff7yKoQbZ9gZoSz3y0asWUWQ9-Yk0ifMUTzNcK9ZeYngSKUmRfAo3TAlblFuPzmo1KkHWVZDbSm51ShIZH6l2BmwI8vMPPwMvzye2oVHVzGgq3MmOx5riBesyqEuK0io53lvzzh5pEebxtXBNiKxK12H-6eBoA3_5WK0T4CZDbkwkV6k6wKZFkHpW9lacjVfaQxdD7WnVY-3kR4gMStNaDuobbsgkktj4IZkE1OCSty_I8KVacOVUkx1KuzVTNFG25h4mHJCqsn_eyjc6zm3prDLoRIxzqtsOhbXMXiw3cn4TjC8PZ6dOs7alkKaT8osH3CoBTqQAWfzaWLP9tg5EWr7zrTu_S5YPtPLVqOMi-qrRihaPVkw-F8bul7_eIyPFYwaX1bvqMcM_Uhfhzqt3g_Km
                    [expires] => 
                    [path] => /
                    [domain] => paypal.com
                    [host_only] => 
                )

            [1] => WP_Http_Cookie Object
                (
                    [name] => cookie_check
                    [value] => yes
                    [expires] => 1914002114
                    [path] => /
                    [domain] => paypal.com
                    [host_only] => 
                )

            [2] => WP_Http_Cookie Object
                (
                    [name] => navcmd
                    [value] => _notify-validate
                    [expires] => 
                    [path] => /
                    [domain] => paypal.com
                    [host_only] => 
                )

            [3] => WP_Http_Cookie Object
                (
                    [name] => navlns
                    [value] => 0.0
                    [expires] => 1661714114
                    [path] => /
                    [domain] => paypal.com
                    [host_only] => 
                )

            [4] => WP_Http_Cookie Object
                (
                    [name] => Apache
                    [value] => 10.72.108.11.1598642113746472
                    [expires] => 
                    [path] => /
                    [domain] => www.sandbox.paypal.com
                    [host_only] => 1
                )

            [5] => WP_Http_Cookie Object
                (
                    [name] => X-PP-SILOVER
                    [value] => name=SANDBOX3.WEB.1&silo_version=880&app=appdispatcher&TIME=1598642114&HTTP_X_PP_AZ_LOCATOR=sandbox.slc
                    [expires] => 1598643914
                    [path] => /
                    [domain] => paypal.com
                    [host_only] => 
                )

            [6] => WP_Http_Cookie Object
                (
                    [name] => ts
                    [value] => vreXpYrS=1693250113&vteXpYrS=1598643913&vr=367eccc41740a4888743fd93ff895e9b&vt=367eccc41740a4888743fd93ff895e9a&vtyp=new
                    [expires] => 1693250114
                    [path] => /
                    [domain] => paypal.com
                    [host_only] => 
                )

            [7] => WP_Http_Cookie Object
                (
                    [name] => ts_c
                    [value] => vr=367eccc41740a4888743fd93ff895e9b&vt=367eccc41740a4888743fd93ff895e9a
                    [expires] => 1693250114
                    [path] => /
                    [domain] => paypal.com
                    [host_only] => 
                )

            [8] => WP_Http_Cookie Object
                (
                    [name] => X-PP-L7
                    [value] => 1
                    [expires] => 
                    [path] => /
                    [domain] => paypal.com
                    [host_only] => 
                )

        )

    [filename] => 
    [http_response] => WP_HTTP_Requests_Response Object
        (
            [response:protected] => Requests_Response Object
                (
                    [body] => VERIFIED
                    [raw] => HTTP/1.1 200 OK
Cache-Control: max-age=0, no-cache, no-store, must-revalidate
Content-Encoding: gzip
Content-Type: text/html; charset=UTF-8
Date: Fri, 28 Aug 2020 19:15:13 GMT
Paypal-Debug-Id: 9295b758c2f62
Set-Cookie: c9MWDuvPtT9GIMyPc3jwol1VSlO=lOEsl-SailJLwU4bzY3NAmnkoAoF6VsrPIff7yKoQbZ9gZoSz3y0asWUWQ9-Yk0ifMUTzNcK9ZeYngSKUmRfAo3TAlblFuPzmo1KkHWVZDbSm51ShIZH6l2BmwI8vMPPwMvzye2oVHVzGgq3MmOx5riBesyqEuK0io53lvzzh5pEebxtXBNiKxK12H-6eBoA3_5WK0T4CZDbkwkV6k6wKZFkHpW9lacjVfaQxdD7WnVY-3kR4gMStNaDuobbsgkktj4IZkE1OCSty_I8KVacOVUkx1KuzVTNFG25h4mHJCqsn_eyjc6zm3prDLoRIxzqtsOhbXMXiw3cn4TjC8PZ6dOs7alkKaT8osH3CoBTqQAWfzaWLP9tg5EWr7zrTu_S5YPtPLVqOMi-qrRihaPVkw-F8bul7_eIyPFYwaX1bvqMcM_Uhfhzqt3g_Km; Path=/; Domain=paypal.com; HttpOnly; Secure
Set-Cookie: cookie_check=yes; Path=/; Domain=paypal.com; Expires=Mon, 26 Aug 2030 19:15:14 GMT; HttpOnly; Secure
Set-Cookie: navcmd=_notify-validate; Path=/; Domain=paypal.com; HttpOnly; Secure
Set-Cookie: navlns=0.0; Path=/; Domain=paypal.com; Expires=Sun, 28 Aug 2022 19:15:14 GMT; HttpOnly; Secure
Set-Cookie: Apache=10.72.108.11.1598642113746472; Path=/
Set-Cookie: X-PP-SILOVER=name%3DSANDBOX3.WEB.1%26silo_version%3D880%26app%3Dappdispatcher%26TIME%3D1598642114%26HTTP_X_PP_AZ_LOCATOR%3Dsandbox.slc; Path=/; Domain=paypal.com; Expires=Fri, 28 Aug 2020 19:45:14 GMT; HttpOnly; Secure
Set-Cookie: ts=vreXpYrS%3D1693250113%26vteXpYrS%3D1598643913%26vr%3D367eccc41740a4888743fd93ff895e9b%26vt%3D367eccc41740a4888743fd93ff895e9a%26vtyp%3Dnew; Path=/; Domain=paypal.com; Expires=Mon, 28 Aug 2023 19:15:14 GMT; HttpOnly; Secure
Set-Cookie: ts_c=vr%3D367eccc41740a4888743fd93ff895e9b%26vt%3D367eccc41740a4888743fd93ff895e9a; Path=/; Domain=paypal.com; Expires=Mon, 28 Aug 2023 19:15:14 GMT; Secure
Set-Cookie: X-PP-L7=1; Path=/; Domain=paypal.com; Secure
Vary: Accept-Encoding,User-Agent
X-Frame-Options: SAMEORIGIN
Content-Length: 34
Connection: close
Strict-Transport-Security: max-age=63072000

VERIFIED
                    [headers] => Requests_Response_Headers Object
                        (
                            [data:protected] => Array
                                (
                                    [cache-control] => Array
                                        (
                                            [0] => max-age=0, no-cache, no-store, must-revalidate
                                        )

                                    [content-encoding] => Array
                                        (
                                            [0] => gzip
                                        )

                                    [content-type] => Array
                                        (
                                            [0] => text/html; charset=UTF-8
                                        )

                                    [date] => Array
                                        (
                                            [0] => Fri, 28 Aug 2020 19:15:13 GMT
                                        )

                                    [paypal-debug-id] => Array
                                        (
                                            [0] => 9295b758c2f62
                                        )

                                    [set-cookie] => Array
                                        (
                                            [0] => c9MWDuvPtT9GIMyPc3jwol1VSlO=lOEsl-SailJLwU4bzY3NAmnkoAoF6VsrPIff7yKoQbZ9gZoSz3y0asWUWQ9-Yk0ifMUTzNcK9ZeYngSKUmRfAo3TAlblFuPzmo1KkHWVZDbSm51ShIZH6l2BmwI8vMPPwMvzye2oVHVzGgq3MmOx5riBesyqEuK0io53lvzzh5pEebxtXBNiKxK12H-6eBoA3_5WK0T4CZDbkwkV6k6wKZFkHpW9lacjVfaQxdD7WnVY-3kR4gMStNaDuobbsgkktj4IZkE1OCSty_I8KVacOVUkx1KuzVTNFG25h4mHJCqsn_eyjc6zm3prDLoRIxzqtsOhbXMXiw3cn4TjC8PZ6dOs7alkKaT8osH3CoBTqQAWfzaWLP9tg5EWr7zrTu_S5YPtPLVqOMi-qrRihaPVkw-F8bul7_eIyPFYwaX1bvqMcM_Uhfhzqt3g_Km; Path=/; Domain=paypal.com; HttpOnly; Secure
                                            [1] => cookie_check=yes; Path=/; Domain=paypal.com; Expires=Mon, 26 Aug 2030 19:15:14 GMT; HttpOnly; Secure
                                            [2] => navcmd=_notify-validate; Path=/; Domain=paypal.com; HttpOnly; Secure
                                            [3] => navlns=0.0; Path=/; Domain=paypal.com; Expires=Sun, 28 Aug 2022 19:15:14 GMT; HttpOnly; Secure
                                            [4] => Apache=10.72.108.11.1598642113746472; Path=/
                                            [5] => X-PP-SILOVER=name%3DSANDBOX3.WEB.1%26silo_version%3D880%26app%3Dappdispatcher%26TIME%3D1598642114%26HTTP_X_PP_AZ_LOCATOR%3Dsandbox.slc; Path=/; Domain=paypal.com; Expires=Fri, 28 Aug 2020 19:45:14 GMT; HttpOnly; Secure
                                            [6] => ts=vreXpYrS%3D1693250113%26vteXpYrS%3D1598643913%26vr%3D367eccc41740a4888743fd93ff895e9b%26vt%3D367eccc41740a4888743fd93ff895e9a%26vtyp%3Dnew; Path=/; Domain=paypal.com; Expires=Mon, 28 Aug 2023 19:15:14 GMT; HttpOnly; Secure
                                            [7] => ts_c=vr%3D367eccc41740a4888743fd93ff895e9b%26vt%3D367eccc41740a4888743fd93ff895e9a; Path=/; Domain=paypal.com; Expires=Mon, 28 Aug 2023 19:15:14 GMT; Secure
                                            [8] => X-PP-L7=1; Path=/; Domain=paypal.com; Secure
                                        )

                                    [vary] => Array
                                        (
                                            [0] => Accept-Encoding,User-Agent
                                        )

                                    [x-frame-options] => Array
                                        (
                                            [0] => SAMEORIGIN
                                        )

                                    [content-length] => Array
                                        (
                                            [0] => 34
                                        )

                                    [strict-transport-security] => Array
                                        (
                                            [0] => max-age=63072000
                                        )

                                )

                        )

                    [status_code] => 200
                    [protocol_version] => 1.1
                    [success] => 1
                    [redirects] => 0
                    [url] => https://www.sandbox.paypal.com/cgi-bin/webscr
                    [history] => Array
                        (
                        )

                    [cookies] => Requests_Cookie_Jar Object
                        (
                            [cookies:protected] => Array
                                (
                                    [c9MWDuvPtT9GIMyPc3jwol1VSlO] => Requests_Cookie Object
                                        (
                                            [name] => c9MWDuvPtT9GIMyPc3jwol1VSlO
                                            [value] => lOEsl-SailJLwU4bzY3NAmnkoAoF6VsrPIff7yKoQbZ9gZoSz3y0asWUWQ9-Yk0ifMUTzNcK9ZeYngSKUmRfAo3TAlblFuPzmo1KkHWVZDbSm51ShIZH6l2BmwI8vMPPwMvzye2oVHVzGgq3MmOx5riBesyqEuK0io53lvzzh5pEebxtXBNiKxK12H-6eBoA3_5WK0T4CZDbkwkV6k6wKZFkHpW9lacjVfaQxdD7WnVY-3kR4gMStNaDuobbsgkktj4IZkE1OCSty_I8KVacOVUkx1KuzVTNFG25h4mHJCqsn_eyjc6zm3prDLoRIxzqtsOhbXMXiw3cn4TjC8PZ6dOs7alkKaT8osH3CoBTqQAWfzaWLP9tg5EWr7zrTu_S5YPtPLVqOMi-qrRihaPVkw-F8bul7_eIyPFYwaX1bvqMcM_Uhfhzqt3g_Km
                                            [attributes] => Requests_Utility_CaseInsensitiveDictionary Object
                                                (
                                                    [data:protected] => Array
                                                        (
                                                            [path] => /
                                                            [domain] => paypal.com
                                                            [httponly] => 1
                                                            [secure] => 1
                                                        )

                                                )

                                            [flags] => Array
                                                (
                                                    [creation] => 1598642114
                                                    [last-access] => 1598642114
                                                    [persistent] => 
                                                    [host-only] => 
                                                )

                                            [reference_time] => 1598642114
                                        )

                                    [cookie_check] => Requests_Cookie Object
                                        (
                                            [name] => cookie_check
                                            [value] => yes
                                            [attributes] => Requests_Utility_CaseInsensitiveDictionary Object
                                                (
                                                    [data:protected] => Array
                                                        (
                                                            [path] => /
                                                            [domain] => paypal.com
                                                            [expires] => 1914002114
                                                            [httponly] => 1
                                                            [secure] => 1
                                                        )

                                                )

                                            [flags] => Array
                                                (
                                                    [creation] => 1598642114
                                                    [last-access] => 1598642114
                                                    [persistent] => 
                                                    [host-only] => 
                                                )

                                            [reference_time] => 1598642114
                                        )

                                    [navcmd] => Requests_Cookie Object
                                        (
                                            [name] => navcmd
                                            [value] => _notify-validate
                                            [attributes] => Requests_Utility_CaseInsensitiveDictionary Object
                                                (
                                                    [data:protected] => Array
                                                        (
                                                            [path] => /
                                                            [domain] => paypal.com
                                                            [httponly] => 1
                                                            [secure] => 1
                                                        )

                                                )

                                            [flags] => Array
                                                (
                                                    [creation] => 1598642114
                                                    [last-access] => 1598642114
                                                    [persistent] => 
                                                    [host-only] => 
                                                )

                                            [reference_time] => 1598642114
                                        )

                                    [navlns] => Requests_Cookie Object
                                        (
                                            [name] => navlns
                                            [value] => 0.0
                                            [attributes] => Requests_Utility_CaseInsensitiveDictionary Object
                                                (
                                                    [data:protected] => Array
                                                        (
                                                            [path] => /
                                                            [domain] => paypal.com
                                                            [expires] => 1661714114
                                                            [httponly] => 1
                                                            [secure] => 1
                                                        )

                                                )

                                            [flags] => Array
                                                (
                                                    [creation] => 1598642114
                                                    [last-access] => 1598642114
                                                    [persistent] => 
                                                    [host-only] => 
                                                )

                                            [reference_time] => 1598642114
                                        )

                                    [Apache] => Requests_Cookie Object
                                        (
                                            [name] => Apache
                                            [value] => 10.72.108.11.1598642113746472
                                            [attributes] => Requests_Utility_CaseInsensitiveDictionary Object
                                                (
                                                    [data:protected] => Array
                                                        (
                                                            [path] => /
                                                            [domain] => www.sandbox.paypal.com
                                                        )

                                                )

                                            [flags] => Array
                                                (
                                                    [creation] => 1598642114
                                                    [last-access] => 1598642114
                                                    [persistent] => 
                                                    [host-only] => 1
                                                )

                                            [reference_time] => 1598642114
                                        )

                                    [X-PP-SILOVER] => Requests_Cookie Object
                                        (
                                            [name] => X-PP-SILOVER
                                            [value] => name%3DSANDBOX3.WEB.1%26silo_version%3D880%26app%3Dappdispatcher%26TIME%3D1598642114%26HTTP_X_PP_AZ_LOCATOR%3Dsandbox.slc
                                            [attributes] => Requests_Utility_CaseInsensitiveDictionary Object
                                                (
                                                    [data:protected] => Array
                                                        (
                                                            [path] => /
                                                            [domain] => paypal.com
                                                            [expires] => 1598643914
                                                            [httponly] => 1
                                                            [secure] => 1
                                                        )

                                                )

                                            [flags] => Array
                                                (
                                                    [creation] => 1598642114
                                                    [last-access] => 1598642114
                                                    [persistent] => 
                                                    [host-only] => 
                                                )

                                            [reference_time] => 1598642114
                                        )

                                    [ts] => Requests_Cookie Object
                                        (
                                            [name] => ts
                                            [value] => vreXpYrS%3D1693250113%26vteXpYrS%3D1598643913%26vr%3D367eccc41740a4888743fd93ff895e9b%26vt%3D367eccc41740a4888743fd93ff895e9a%26vtyp%3Dnew
                                            [attributes] => Requests_Utility_CaseInsensitiveDictionary Object
                                                (
                                                    [data:protected] => Array
                                                        (
                                                            [path] => /
                                                            [domain] => paypal.com
                                                            [expires] => 1693250114
                                                            [httponly] => 1
                                                            [secure] => 1
                                                        )

                                                )

                                            [flags] => Array
                                                (
                                                    [creation] => 1598642114
                                                    [last-access] => 1598642114
                                                    [persistent] => 
                                                    [host-only] => 
                                                )

                                            [reference_time] => 1598642114
                                        )

                                    [ts_c] => Requests_Cookie Object
                                        (
                                            [name] => ts_c
                                            [value] => vr%3D367eccc41740a4888743fd93ff895e9b%26vt%3D367eccc41740a4888743fd93ff895e9a
                                            [attributes] => Requests_Utility_CaseInsensitiveDictionary Object
                                                (
                                                    [data:protected] => Array
                                                        (
                                                            [path] => /
                                                            [domain] => paypal.com
                                                            [expires] => 1693250114
                                                            [secure] => 1
                                                        )

                                                )

                                            [flags] => Array
                                                (
                                                    [creation] => 1598642114
                                                    [last-access] => 1598642114
                                                    [persistent] => 
                                                    [host-only] => 
                                                )

                                            [reference_time] => 1598642114
                                        )

                                    [X-PP-L7] => Requests_Cookie Object
                                        (
                                            [name] => X-PP-L7
                                            [value] => 1
                                            [attributes] => Requests_Utility_CaseInsensitiveDictionary Object
                                                (
                                                    [data:protected] => Array
                                                        (
                                                            [path] => /
                                                            [domain] => paypal.com
                                                            [secure] => 1
                                                        )

                                                )

                                            [flags] => Array
                                                (
                                                    [creation] => 1598642114
                                                    [last-access] => 1598642114
                                                    [persistent] => 
                                                    [host-only] => 
                                                )

                                            [reference_time] => 1598642114
                                        )

                                )

                        )

                )

            [filename:protected] => 
            [data] => 
            [headers] => 
            [status] => 
        )

)

2020-08-28T19:15:14+00:00 INFO Received valid response from PayPal IPN
2020-08-28T19:15:14+00:00 INFO Found order #1734
2020-08-28T19:15:14+00:00 INFO Payment status: completed
