2020-07-17T14:33:51+00:00 INFO Generating payment form for order 148. Notify URL: http://localhost/phi-tution-store/wc-api/WC_Gateway_Paypal/
2020-07-17T14:33:51+00:00 INFO PayPal Request Args for order 148: Array
(
    [cmd] => _cart
    [business] => hinahalani19@gmail.com
    [no_note] => 1
    [currency_code] => GBP
    [charset] => utf-8
    [rm] => 1
    [upload] => 1
    [return] => http://localhost/phi-tution-store/checkout/order-received/148/?key=wc_order_VU79ruDJgXzoG&utm_nooverride=1
    [cancel_return] => http://localhost/phi-tution-store/cart/?cancel_order=true&order=wc_order_VU79ruDJgXzoG&order_id=148&redirect&_wpnonce=a55112c7a9
    [page_style] => 
    [image_url] => 
    [paymentaction] => sale
    [invoice] => WC-148
    [custom] => {"order_id":148,"order_key":"wc_order_VU79ruDJgXzoG"}
    [notify_url] => http://localhost/phi-tution-store/wc-api/WC_Gateway_Paypal/
    [first_name] => ***
    [last_name] => ***
    [address1] => ***
    [address2] => ***
    [city] => ***
    [state] => ***
    [zip] => ***
    [country] => ***
    [email] => ***@***
    [night_phone_a] => ***
    [night_phone_b] => ***
    [no_shipping] => 1
    [tax_cart] => 0.00
    [item_name_1] => KS3 Sciences (Year: 7, Course Subject: KS3 Sciences, Days: Sat, Hours per week: 3, Offered online?: Yes, Time: 09:00 - 12:00)
    [quantity_1] => 1
    [amount_1] => 250
    [item_number_1] => 
    [bn] => WooThemes_Cart
)

