2020-09-03T11:58:41+00:00 INFO Generating payment form for order 1798. Notify URL: https://phi-tuition.eu/store/wc-api/WC_Gateway_Paypal/
2020-09-03T11:58:41+00:00 INFO PayPal Request Args for order 1798: Array
(
    [cmd] => _cart
    [business] => email@phi-tuition.eu
    [no_note] => 1
    [currency_code] => GBP
    [charset] => utf-8
    [rm] => 2
    [upload] => 1
    [return] => https://phi-tuition.eu/store/checkout/order-received/1798/?key=wc_order_04of066Vj2cSl&utm_nooverride=1
    [cancel_return] => https://phi-tuition.eu/store/cart/?cancel_order=true&order=wc_order_04of066Vj2cSl&order_id=1798&redirect&_wpnonce=298493fcbf
    [page_style] => 
    [image_url] => 
    [paymentaction] => sale
    [invoice] => WC-1798
    [custom] => {"order_id":1798,"order_key":"wc_order_04of066Vj2cSl"}
    [notify_url] => https://phi-tuition.eu/store/wc-api/WC_Gateway_Paypal/
    [first_name] => ***
    [last_name] => ***
    [address1] => ***
    [address2] => ***
    [city] => ***
    [state] => ***
    [zip] => ***
    [country] => ***
    [email] => ***@***
    [night_phone_a] => ***
    [night_phone_b] => ***
    [no_shipping] => 1
    [tax_cart] => 0.00
    [item_name_1] => test Copy (Year: 13, Course Subject: Statistics & Mechanic, Examination board: AQA, Days: Mon, Time: 22:00-23:00, Hours ...
    [quantity_1] => 1
    [amount_1] => 1
    [item_number_1] => 
    [bn] => WooThemes_Cart
)

2020-09-03T11:59:12+00:00 INFO Checking IPN response is valid
2020-09-03T11:59:14+00:00 INFO IPN Response: Array
(
    [headers] => Requests_Utility_CaseInsensitiveDictionary Object
        (
            [data:protected] => Array
                (
                    [cache-control] => max-age=0, no-cache, no-store, must-revalidate
                    [content-encoding] => gzip
                    [content-type] => text/html; charset=UTF-8
                    [paypal-debug-id] => f3bddd0db9b01
                    [x-frame-options] => SAMEORIGIN
                    [dc] => slc-b-origin-www-1.paypal.com
                    [x-akamai-transformed] => 9 34 0 pmb=mRUM,1
                    [date] => Thu, 03 Sep 2020 11:59:14 GMT
                    [content-length] => 28
                    [vary] => Accept-Encoding
                    [set-cookie] => Array
                        (
                            [0] => cwrClyrK4LoCV1fydGbAxiNL6iG=m1sCrwJ0TIAfCrRka32TbrB5W_sRHfK9gYO2zqRle7pPxkXSrWGkfYSBkDKLIGAR4g0WH6FiQ1io7QWxq-cIx190yhj2Ub1u_SItlww32WWPdXQSYNqOKk8PaC1os4LciVfSp9s31GqqkGT7Vwf7VjVmvvJE4wiQqXKJMlVpfF9EctDWHhIW8YpGLRnauRCvZO17j82p15fxfEV4pWsm1jcck5OF3NnBs4GgxpiBFjoigzqBAhZJj5_vwWTz17rGeeSP3pexY-NRAbyi3xKsdjka__h6zUSGZv4wHh43l92fyh6aLfq-k0_qbS6q8oYAmdYQSObtpfN89hlsxZgnC-V__eVNAKvEvwoNciZ65PQbkjowmqYf2O6E374wwB_umgNjqI1KehSp8l-EiBlnl1cXqne5S8cLrTnwdVcwJHBc5TpSzYDXCDWg7wq; Path=/; Domain=paypal.com; HttpOnly; Secure
                            [1] => cookie_check=yes; Path=/; Domain=paypal.com; Expires=Sun, 01 Sep 2030 11:59:14 GMT; HttpOnly; Secure
                            [2] => navcmd=_notify-validate; Path=/; Domain=paypal.com; HttpOnly; Secure
                            [3] => navlns=0.0; Path=/; Domain=paypal.com; Expires=Sat, 03 Sep 2022 11:59:14 GMT; HttpOnly; Secure
                            [4] => X-PP-SILOVER=name%3DLIVE6.WEB.1%26silo_version%3D880%26app%3Dappdispatcher%26TIME%3D1599134354%26HTTP_X_PP_AZ_LOCATOR%3Ddcg12.slc; Path=/; Domain=paypal.com; Expires=Thu, 03 Sep 2020 12:29:14 GMT; HttpOnly; Secure
                            [5] => ts=vreXpYrS%3D1693742353%26vteXpYrS%3D1599136153%26vr%3D53d5c9451740a4a1f49c4f83fe5cd8b5%26vt%3D53d5c9451740a4a1f49c4f83fe5cd8b4%26vtyp%3Dnew; Path=/; Domain=paypal.com; Expires=Sun, 03 Sep 2023 11:59:14 GMT; HttpOnly; Secure
                            [6] => ts_c=vr%3D53d5c9451740a4a1f49c4f83fe5cd8b5%26vt%3D53d5c9451740a4a1f49c4f83fe5cd8b4; Path=/; Domain=paypal.com; Expires=Sun, 03 Sep 2023 11:59:14 GMT; Secure
                            [7] => x-cdn=akamai; path=/; domain=.paypal.com; secure
                            [8] => akavpau_ppsd=1599134954~id=32f278b1782c140f74ec3f8d22771d0c; Domain=www.paypal.com; Path=/; Secure; SameSite=None
                        )

                    [server-timing] => Array
                        (
                            [0] => edge; dur=1000
                            [1] => origin; dur=1551
                            [2] => cdn-cache; desc=MISS
                        )

                    [strict-transport-security] => max-age=63072000
                )

        )

    [body] => VERIFIED
    [response] => Array
        (
            [code] => 200
            [message] => OK
        )

    [cookies] => Array
        (
            [0] => WP_Http_Cookie Object
                (
                    [name] => cwrClyrK4LoCV1fydGbAxiNL6iG
                    [value] => m1sCrwJ0TIAfCrRka32TbrB5W_sRHfK9gYO2zqRle7pPxkXSrWGkfYSBkDKLIGAR4g0WH6FiQ1io7QWxq-cIx190yhj2Ub1u_SItlww32WWPdXQSYNqOKk8PaC1os4LciVfSp9s31GqqkGT7Vwf7VjVmvvJE4wiQqXKJMlVpfF9EctDWHhIW8YpGLRnauRCvZO17j82p15fxfEV4pWsm1jcck5OF3NnBs4GgxpiBFjoigzqBAhZJj5_vwWTz17rGeeSP3pexY-NRAbyi3xKsdjka__h6zUSGZv4wHh43l92fyh6aLfq-k0_qbS6q8oYAmdYQSObtpfN89hlsxZgnC-V__eVNAKvEvwoNciZ65PQbkjowmqYf2O6E374wwB_umgNjqI1KehSp8l-EiBlnl1cXqne5S8cLrTnwdVcwJHBc5TpSzYDXCDWg7wq
                    [expires] => 
                    [path] => /
                    [domain] => paypal.com
                    [host_only] => 
                )

            [1] => WP_Http_Cookie Object
                (
                    [name] => cookie_check
                    [value] => yes
                    [expires] => 1914494354
                    [path] => /
                    [domain] => paypal.com
                    [host_only] => 
                )

            [2] => WP_Http_Cookie Object
                (
                    [name] => navcmd
                    [value] => _notify-validate
                    [expires] => 
                    [path] => /
                    [domain] => paypal.com
                    [host_only] => 
                )

            [3] => WP_Http_Cookie Object
                (
                    [name] => navlns
                    [value] => 0.0
                    [expires] => 1662206354
                    [path] => /
                    [domain] => paypal.com
                    [host_only] => 
                )

            [4] => WP_Http_Cookie Object
                (
                    [name] => X-PP-SILOVER
                    [value] => name=LIVE6.WEB.1&silo_version=880&app=appdispatcher&TIME=1599134354&HTTP_X_PP_AZ_LOCATOR=dcg12.slc
                    [expires] => 1599136154
                    [path] => /
                    [domain] => paypal.com
                    [host_only] => 
                )

            [5] => WP_Http_Cookie Object
                (
                    [name] => ts
                    [value] => vreXpYrS=1693742353&vteXpYrS=1599136153&vr=53d5c9451740a4a1f49c4f83fe5cd8b5&vt=53d5c9451740a4a1f49c4f83fe5cd8b4&vtyp=new
                    [expires] => 1693742354
                    [path] => /
                    [domain] => paypal.com
                    [host_only] => 
                )

            [6] => WP_Http_Cookie Object
                (
                    [name] => ts_c
                    [value] => vr=53d5c9451740a4a1f49c4f83fe5cd8b5&vt=53d5c9451740a4a1f49c4f83fe5cd8b4
                    [expires] => 1693742354
                    [path] => /
                    [domain] => paypal.com
                    [host_only] => 
                )

            [7] => WP_Http_Cookie Object
                (
                    [name] => x-cdn
                    [value] => akamai
                    [expires] => 
                    [path] => /
                    [domain] => paypal.com
                    [host_only] => 
                )

            [8] => WP_Http_Cookie Object
                (
                    [name] => akavpau_ppsd
                    [value] => 1599134954~id=32f278b1782c140f74ec3f8d22771d0c
                    [expires] => 
                    [path] => /
                    [domain] => www.paypal.com
                    [host_only] => 
                )

        )

    [filename] => 
    [http_response] => WP_HTTP_Requests_Response Object
        (
            [response:protected] => Requests_Response Object
                (
                    [body] => VERIFIED
                    [raw] => HTTP/1.1 200 OK
Cache-Control: max-age=0, no-cache, no-store, must-revalidate
Content-Encoding: gzip
Content-Type: text/html; charset=UTF-8
Paypal-Debug-Id: f3bddd0db9b01
X-Frame-Options: SAMEORIGIN
DC: slc-b-origin-www-1.paypal.com
X-Akamai-Transformed: 9 34 0 pmb=mRUM,1
Date: Thu, 03 Sep 2020 11:59:14 GMT
Content-Length: 28
Connection: close
Vary: Accept-Encoding
Set-Cookie: cwrClyrK4LoCV1fydGbAxiNL6iG=m1sCrwJ0TIAfCrRka32TbrB5W_sRHfK9gYO2zqRle7pPxkXSrWGkfYSBkDKLIGAR4g0WH6FiQ1io7QWxq-cIx190yhj2Ub1u_SItlww32WWPdXQSYNqOKk8PaC1os4LciVfSp9s31GqqkGT7Vwf7VjVmvvJE4wiQqXKJMlVpfF9EctDWHhIW8YpGLRnauRCvZO17j82p15fxfEV4pWsm1jcck5OF3NnBs4GgxpiBFjoigzqBAhZJj5_vwWTz17rGeeSP3pexY-NRAbyi3xKsdjka__h6zUSGZv4wHh43l92fyh6aLfq-k0_qbS6q8oYAmdYQSObtpfN89hlsxZgnC-V__eVNAKvEvwoNciZ65PQbkjowmqYf2O6E374wwB_umgNjqI1KehSp8l-EiBlnl1cXqne5S8cLrTnwdVcwJHBc5TpSzYDXCDWg7wq; Path=/; Domain=paypal.com; HttpOnly; Secure
Set-Cookie: cookie_check=yes; Path=/; Domain=paypal.com; Expires=Sun, 01 Sep 2030 11:59:14 GMT; HttpOnly; Secure
Set-Cookie: navcmd=_notify-validate; Path=/; Domain=paypal.com; HttpOnly; Secure
Set-Cookie: navlns=0.0; Path=/; Domain=paypal.com; Expires=Sat, 03 Sep 2022 11:59:14 GMT; HttpOnly; Secure
Set-Cookie: X-PP-SILOVER=name%3DLIVE6.WEB.1%26silo_version%3D880%26app%3Dappdispatcher%26TIME%3D1599134354%26HTTP_X_PP_AZ_LOCATOR%3Ddcg12.slc; Path=/; Domain=paypal.com; Expires=Thu, 03 Sep 2020 12:29:14 GMT; HttpOnly; Secure
Set-Cookie: ts=vreXpYrS%3D1693742353%26vteXpYrS%3D1599136153%26vr%3D53d5c9451740a4a1f49c4f83fe5cd8b5%26vt%3D53d5c9451740a4a1f49c4f83fe5cd8b4%26vtyp%3Dnew; Path=/; Domain=paypal.com; Expires=Sun, 03 Sep 2023 11:59:14 GMT; HttpOnly; Secure
Set-Cookie: ts_c=vr%3D53d5c9451740a4a1f49c4f83fe5cd8b5%26vt%3D53d5c9451740a4a1f49c4f83fe5cd8b4; Path=/; Domain=paypal.com; Expires=Sun, 03 Sep 2023 11:59:14 GMT; Secure
Set-Cookie: x-cdn=akamai; path=/; domain=.paypal.com; secure
Server-Timing: edge; dur=1000
Server-Timing: origin; dur=1551
Server-Timing: cdn-cache; desc=MISS
Set-Cookie: akavpau_ppsd=1599134954~id=32f278b1782c140f74ec3f8d22771d0c; Domain=www.paypal.com; Path=/; Secure; SameSite=None
Strict-Transport-Security: max-age=63072000

VERIFIED
                    [headers] => Requests_Response_Headers Object
                        (
                            [data:protected] => Array
                                (
                                    [cache-control] => Array
                                        (
                                            [0] => max-age=0, no-cache, no-store, must-revalidate
                                        )

                                    [content-encoding] => Array
                                        (
                                            [0] => gzip
                                        )

                                    [content-type] => Array
                                        (
                                            [0] => text/html; charset=UTF-8
                                        )

                                    [paypal-debug-id] => Array
                                        (
                                            [0] => f3bddd0db9b01
                                        )

                                    [x-frame-options] => Array
                                        (
                                            [0] => SAMEORIGIN
                                        )

                                    [dc] => Array
                                        (
                                            [0] => slc-b-origin-www-1.paypal.com
                                        )

                                    [x-akamai-transformed] => Array
                                        (
                                            [0] => 9 34 0 pmb=mRUM,1
                                        )

                                    [date] => Array
                                        (
                                            [0] => Thu, 03 Sep 2020 11:59:14 GMT
                                        )

                                    [content-length] => Array
                                        (
                                            [0] => 28
                                        )

                                    [vary] => Array
                                        (
                                            [0] => Accept-Encoding
                                        )

                                    [set-cookie] => Array
                                        (
                                            [0] => cwrClyrK4LoCV1fydGbAxiNL6iG=m1sCrwJ0TIAfCrRka32TbrB5W_sRHfK9gYO2zqRle7pPxkXSrWGkfYSBkDKLIGAR4g0WH6FiQ1io7QWxq-cIx190yhj2Ub1u_SItlww32WWPdXQSYNqOKk8PaC1os4LciVfSp9s31GqqkGT7Vwf7VjVmvvJE4wiQqXKJMlVpfF9EctDWHhIW8YpGLRnauRCvZO17j82p15fxfEV4pWsm1jcck5OF3NnBs4GgxpiBFjoigzqBAhZJj5_vwWTz17rGeeSP3pexY-NRAbyi3xKsdjka__h6zUSGZv4wHh43l92fyh6aLfq-k0_qbS6q8oYAmdYQSObtpfN89hlsxZgnC-V__eVNAKvEvwoNciZ65PQbkjowmqYf2O6E374wwB_umgNjqI1KehSp8l-EiBlnl1cXqne5S8cLrTnwdVcwJHBc5TpSzYDXCDWg7wq; Path=/; Domain=paypal.com; HttpOnly; Secure
                                            [1] => cookie_check=yes; Path=/; Domain=paypal.com; Expires=Sun, 01 Sep 2030 11:59:14 GMT; HttpOnly; Secure
                                            [2] => navcmd=_notify-validate; Path=/; Domain=paypal.com; HttpOnly; Secure
                                            [3] => navlns=0.0; Path=/; Domain=paypal.com; Expires=Sat, 03 Sep 2022 11:59:14 GMT; HttpOnly; Secure
                                            [4] => X-PP-SILOVER=name%3DLIVE6.WEB.1%26silo_version%3D880%26app%3Dappdispatcher%26TIME%3D1599134354%26HTTP_X_PP_AZ_LOCATOR%3Ddcg12.slc; Path=/; Domain=paypal.com; Expires=Thu, 03 Sep 2020 12:29:14 GMT; HttpOnly; Secure
                                            [5] => ts=vreXpYrS%3D1693742353%26vteXpYrS%3D1599136153%26vr%3D53d5c9451740a4a1f49c4f83fe5cd8b5%26vt%3D53d5c9451740a4a1f49c4f83fe5cd8b4%26vtyp%3Dnew; Path=/; Domain=paypal.com; Expires=Sun, 03 Sep 2023 11:59:14 GMT; HttpOnly; Secure
                                            [6] => ts_c=vr%3D53d5c9451740a4a1f49c4f83fe5cd8b5%26vt%3D53d5c9451740a4a1f49c4f83fe5cd8b4; Path=/; Domain=paypal.com; Expires=Sun, 03 Sep 2023 11:59:14 GMT; Secure
                                            [7] => x-cdn=akamai; path=/; domain=.paypal.com; secure
                                            [8] => akavpau_ppsd=1599134954~id=32f278b1782c140f74ec3f8d22771d0c; Domain=www.paypal.com; Path=/; Secure; SameSite=None
                                        )

                                    [server-timing] => Array
                                        (
                                            [0] => edge; dur=1000
                                            [1] => origin; dur=1551
                                            [2] => cdn-cache; desc=MISS
                                        )

                                    [strict-transport-security] => Array
                                        (
                                            [0] => max-age=63072000
                                        )

                                )

                        )

                    [status_code] => 200
                    [protocol_version] => 1.1
                    [success] => 1
                    [redirects] => 0
                    [url] => https://www.paypal.com/cgi-bin/webscr
                    [history] => Array
                        (
                        )

                    [cookies] => Requests_Cookie_Jar Object
                        (
                            [cookies:protected] => Array
                                (
                                    [cwrClyrK4LoCV1fydGbAxiNL6iG] => Requests_Cookie Object
                                        (
                                            [name] => cwrClyrK4LoCV1fydGbAxiNL6iG
                                            [value] => m1sCrwJ0TIAfCrRka32TbrB5W_sRHfK9gYO2zqRle7pPxkXSrWGkfYSBkDKLIGAR4g0WH6FiQ1io7QWxq-cIx190yhj2Ub1u_SItlww32WWPdXQSYNqOKk8PaC1os4LciVfSp9s31GqqkGT7Vwf7VjVmvvJE4wiQqXKJMlVpfF9EctDWHhIW8YpGLRnauRCvZO17j82p15fxfEV4pWsm1jcck5OF3NnBs4GgxpiBFjoigzqBAhZJj5_vwWTz17rGeeSP3pexY-NRAbyi3xKsdjka__h6zUSGZv4wHh43l92fyh6aLfq-k0_qbS6q8oYAmdYQSObtpfN89hlsxZgnC-V__eVNAKvEvwoNciZ65PQbkjowmqYf2O6E374wwB_umgNjqI1KehSp8l-EiBlnl1cXqne5S8cLrTnwdVcwJHBc5TpSzYDXCDWg7wq
                                            [attributes] => Requests_Utility_CaseInsensitiveDictionary Object
                                                (
                                                    [data:protected] => Array
                                                        (
                                                            [path] => /
                                                            [domain] => paypal.com
                                                            [httponly] => 1
                                                            [secure] => 1
                                                        )

                                                )

                                            [flags] => Array
                                                (
                                                    [creation] => 1599134354
                                                    [last-access] => 1599134354
                                                    [persistent] => 
                                                    [host-only] => 
                                                )

                                            [reference_time] => 1599134354
                                        )

                                    [cookie_check] => Requests_Cookie Object
                                        (
                                            [name] => cookie_check
                                            [value] => yes
                                            [attributes] => Requests_Utility_CaseInsensitiveDictionary Object
                                                (
                                                    [data:protected] => Array
                                                        (
                                                            [path] => /
                                                            [domain] => paypal.com
                                                            [expires] => 1914494354
                                                            [httponly] => 1
                                                            [secure] => 1
                                                        )

                                                )

                                            [flags] => Array
                                                (
                                                    [creation] => 1599134354
                                                    [last-access] => 1599134354
                                                    [persistent] => 
                                                    [host-only] => 
                                                )

                                            [reference_time] => 1599134354
                                        )

                                    [navcmd] => Requests_Cookie Object
                                        (
                                            [name] => navcmd
                                            [value] => _notify-validate
                                            [attributes] => Requests_Utility_CaseInsensitiveDictionary Object
                                                (
                                                    [data:protected] => Array
                                                        (
                                                            [path] => /
                                                            [domain] => paypal.com
                                                            [httponly] => 1
                                                            [secure] => 1
                                                        )

                                                )

                                            [flags] => Array
                                                (
                                                    [creation] => 1599134354
                                                    [last-access] => 1599134354
                                                    [persistent] => 
                                                    [host-only] => 
                                                )

                                            [reference_time] => 1599134354
                                        )

                                    [navlns] => Requests_Cookie Object
                                        (
                                            [name] => navlns
                                            [value] => 0.0
                                            [attributes] => Requests_Utility_CaseInsensitiveDictionary Object
                                                (
                                                    [data:protected] => Array
                                                        (
                                                            [path] => /
                                                            [domain] => paypal.com
                                                            [expires] => 1662206354
                                                            [httponly] => 1
                                                            [secure] => 1
                                                        )

                                                )

                                            [flags] => Array
                                                (
                                                    [creation] => 1599134354
                                                    [last-access] => 1599134354
                                                    [persistent] => 
                                                    [host-only] => 
                                                )

                                            [reference_time] => 1599134354
                                        )

                                    [X-PP-SILOVER] => Requests_Cookie Object
                                        (
                                            [name] => X-PP-SILOVER
                                            [value] => name%3DLIVE6.WEB.1%26silo_version%3D880%26app%3Dappdispatcher%26TIME%3D1599134354%26HTTP_X_PP_AZ_LOCATOR%3Ddcg12.slc
                                            [attributes] => Requests_Utility_CaseInsensitiveDictionary Object
                                                (
                                                    [data:protected] => Array
                                                        (
                                                            [path] => /
                                                            [domain] => paypal.com
                                                            [expires] => 1599136154
                                                            [httponly] => 1
                                                            [secure] => 1
                                                        )

                                                )

                                            [flags] => Array
                                                (
                                                    [creation] => 1599134354
                                                    [last-access] => 1599134354
                                                    [persistent] => 
                                                    [host-only] => 
                                                )

                                            [reference_time] => 1599134354
                                        )

                                    [ts] => Requests_Cookie Object
                                        (
                                            [name] => ts
                                            [value] => vreXpYrS%3D1693742353%26vteXpYrS%3D1599136153%26vr%3D53d5c9451740a4a1f49c4f83fe5cd8b5%26vt%3D53d5c9451740a4a1f49c4f83fe5cd8b4%26vtyp%3Dnew
                                            [attributes] => Requests_Utility_CaseInsensitiveDictionary Object
                                                (
                                                    [data:protected] => Array
                                                        (
                                                            [path] => /
                                                            [domain] => paypal.com
                                                            [expires] => 1693742354
                                                            [httponly] => 1
                                                            [secure] => 1
                                                        )

                                                )

                                            [flags] => Array
                                                (
                                                    [creation] => 1599134354
                                                    [last-access] => 1599134354
                                                    [persistent] => 
                                                    [host-only] => 
                                                )

                                            [reference_time] => 1599134354
                                        )

                                    [ts_c] => Requests_Cookie Object
                                        (
                                            [name] => ts_c
                                            [value] => vr%3D53d5c9451740a4a1f49c4f83fe5cd8b5%26vt%3D53d5c9451740a4a1f49c4f83fe5cd8b4
                                            [attributes] => Requests_Utility_CaseInsensitiveDictionary Object
                                                (
                                                    [data:protected] => Array
                                                        (
                                                            [path] => /
                                                            [domain] => paypal.com
                                                            [expires] => 1693742354
                                                            [secure] => 1
                                                        )

                                                )

                                            [flags] => Array
                                                (
                                                    [creation] => 1599134354
                                                    [last-access] => 1599134354
                                                    [persistent] => 
                                                    [host-only] => 
                                                )

                                            [reference_time] => 1599134354
                                        )

                                    [x-cdn] => Requests_Cookie Object
                                        (
                                            [name] => x-cdn
                                            [value] => akamai
                                            [attributes] => Requests_Utility_CaseInsensitiveDictionary Object
                                                (
                                                    [data:protected] => Array
                                                        (
                                                            [path] => /
                                                            [domain] => paypal.com
                                                            [secure] => 1
                                                        )

                                                )

                                            [flags] => Array
                                                (
                                                    [creation] => 1599134354
                                                    [last-access] => 1599134354
                                                    [persistent] => 
                                                    [host-only] => 
                                                )

                                            [reference_time] => 1599134354
                                        )

                                    [akavpau_ppsd] => Requests_Cookie Object
                                        (
                                            [name] => akavpau_ppsd
                                            [value] => 1599134954~id=32f278b1782c140f74ec3f8d22771d0c
                                            [attributes] => Requests_Utility_CaseInsensitiveDictionary Object
                                                (
                                                    [data:protected] => Array
                                                        (
                                                            [domain] => www.paypal.com
                                                            [path] => /
                                                            [secure] => 1
                                                            [samesite] => None
                                                        )

                                                )

                                            [flags] => Array
                                                (
                                                    [creation] => 1599134354
                                                    [last-access] => 1599134354
                                                    [persistent] => 
                                                    [host-only] => 
                                                )

                                            [reference_time] => 1599134354
                                        )

                                )

                        )

                )

            [filename:protected] => 
            [data] => 
            [headers] => 
            [status] => 
        )

)

2020-09-03T11:59:14+00:00 INFO Received valid response from PayPal IPN
2020-09-03T11:59:14+00:00 INFO Found order #1798
2020-09-03T11:59:14+00:00 INFO Payment status: completed
