2020-07-12T18:20:21+00:00 INFO Generating payment form for order 98. Notify URL: http://localhost/phi-tution-store/wc-api/WC_Gateway_Paypal/
2020-07-12T18:20:21+00:00 INFO PayPal Request Args for order 98: Array
(
    [cmd] => _cart
    [business] => hinahalani19@gmail.com
    [no_note] => 1
    [currency_code] => GBP
    [charset] => utf-8
    [rm] => 1
    [upload] => 1
    [return] => http://localhost/phi-tution-store/checkout/order-received/98/?key=wc_order_743Zh4SIHCQgb&utm_nooverride=1
    [cancel_return] => http://localhost/phi-tution-store/cart/?cancel_order=true&order=wc_order_743Zh4SIHCQgb&order_id=98&redirect&_wpnonce=59a6aca8a4
    [page_style] => 
    [image_url] => 
    [paymentaction] => sale
    [invoice] => WC-98
    [custom] => {"order_id":98,"order_key":"wc_order_743Zh4SIHCQgb"}
    [notify_url] => http://localhost/phi-tution-store/wc-api/WC_Gateway_Paypal/
    [first_name] => ***
    [last_name] => ***
    [address1] => ***
    [address2] => ***
    [city] => ***
    [state] => ***
    [zip] => ***
    [country] => ***
    [email] => ***@***
    [night_phone_a] => ***
    [night_phone_b] => ***
    [no_shipping] => 1
    [tax_cart] => 0.00
    [item_name_1] => English (Year: 10, Course Subject: English, Examination board: AQA, Days: Tue, Time: 16:00 - 17:00, Hours per week: 3, Onlin...
    [quantity_1] => 1
    [amount_1] => 225
    [item_number_1] => 
    [bn] => WooThemes_Cart
)

